2021-02-26 07:59:22,556:INFO:PyCaret Classification Module
2021-02-26 07:59:22,556:INFO:version 2.0
2021-02-26 07:59:22,556:INFO:Initializing setup()
2021-02-26 07:59:22,556:INFO:USI: 2c98
2021-02-26 07:59:22,570:INFO:setup(data=(362, 6295), target=[1 0 0 1 1 0 0 0 0 1 0 1 1 0 1 1 1 1 1 1 1 0 1 0 0 0 1 1 0 0 0 0 1 0 0 1 0
 1 1 1 1 1 1 0 0 1 0 1 0 0 0 1 1 1 1 0 0 1 0 1 0 1 0 1 1 0 0 1 1 1 0 1 0 1
 0 1 1 0 1 1 1 1 1 1 0 0 0 0 0 1 1 0 1 1 1 1 1 0 1 0 1 1 0 0 1 0 1 1 0 0 1
 1 0 1 0 1 0 1 1 0 0 1 0 0 0 0 0 0 1 0 0 1 0 1 1 1 1 0 0 1 1 1 0 0 1 0 0 0
 0 0 1 0 0 0 1 0 1 0 1 1 1 0 0 0 1 0 1 1 0 1 0 0 0 0 0 0 0 1 1 0 1 0 0 1 1
 0 0 0 0 1 0 0 1 0 0 1 0 0 1 1 0 1 0 0 0 0 0 1 1 0 1 0 1 0 1 0 1 1 0 1 0 1
 0 1 1 1 1 0 1 0 1 1 0 0 0 0 1 1 1 0 0 0 1 1 1 1 1 0 0 0 0 0 1 0 1 0 1 0 0
 0 1 0 0 0 1 1 1 1 0 0 1 1 1 0 0 0 1 1 0 0 1 0 0 0 0 0 1 1 1 0 0 0 0 0 1 1
 0 0 1 1 0 1 1 1 0 0 0 1 0 0 0 0 0 0 1 1 0 0 1 0 0 0 1 1 1 1 0 1 0 1 0 0 1
 0 0 1 1 1 1 0 0 1 0 1 0 0 0 0 0 0 0 1 1 0 1 1 1 0 0 1 1 0], train_size=0.7, sampling=True, sample_estimator=None, categorical_features=None, categorical_imputation=constant, ordinal_features=None,
                    high_cardinality_features=None, high_cardinality_method=frequency, numeric_features=None, numeric_imputation=mean, date_features=None, ignore_features=None, normalize=False,
                    normalize_method=zscore, transformation=False, transformation_method=yeo-johnson, handle_unknown_categorical=True, unknown_categorical_method=least_frequent, pca=False, pca_method=linear,
                    pca_components=None, ignore_low_variance=False, combine_rare_levels=False, rare_level_threshold=0.1, bin_numeric_features=None, remove_outliers=False, outliers_threshold=0.05,
                    remove_multicollinearity=False, multicollinearity_threshold=0.9, remove_perfect_collinearity=False, create_clusters=False, cluster_iter=20,
                    polynomial_features=False, polynomial_degree=2, trigonometry_features=False, polynomial_threshold=0.1, group_features=None,
                    group_names=None, feature_selection=False, feature_selection_threshold=0.8, feature_interaction=False, feature_ratio=False, interaction_threshold=0.01,
                    fix_imbalance=False, fix_imbalance_method=None, data_split_shuffle=True, folds_shuffle=False, n_jobs=-1, html=True, session_id=None, log_experiment=False,
                    experiment_name=None, log_plots=False, log_profile=False, log_data=False, silent=False, verbose=True, profile=False)
2021-02-26 07:59:22,570:INFO:Checking environment
2021-02-26 07:59:22,570:INFO:python_version: 3.7.6
2021-02-26 07:59:22,570:INFO:python_build: ('default', 'Jan  8 2020 19:59:22')
2021-02-26 07:59:22,570:INFO:machine: x86_64
2021-02-26 07:59:22,573:INFO:platform: Linux-5.4.0-050400-generic-x86_64-with-debian-bullseye-sid
2021-02-26 07:59:22,573:INFO:Memory: svmem(total=16773652480, available=378060800, percent=97.7, used=15415074816, free=164155392, active=14949044224, inactive=793169920, buffers=19976192, cached=1174446080, shared=667176960, slab=400941056)
2021-02-26 07:59:22,574:INFO:Physical Core: 4
2021-02-26 07:59:22,574:INFO:Logical Core: 8
2021-02-26 07:59:22,574:INFO:Checking libraries
2021-02-26 07:59:22,575:INFO:pd==1.0.1
2021-02-26 07:59:22,575:INFO:numpy==1.18.1
2021-02-26 07:59:22,575:INFO:sklearn==0.23.2
2021-02-26 07:59:22,575:INFO:xgboost==0.71
2021-02-26 07:59:22,671:INFO:lightgbm==2.3.1
2021-02-26 07:59:22,865:INFO:catboost==0.24
2021-02-26 07:59:22,865:INFO:mlflow==1.10.0
2021-02-26 07:59:22,866:INFO:Checking Exceptions
2021-02-26 08:05:15,369:INFO:PyCaret Classification Module
2021-02-26 08:05:15,374:INFO:version 2.0
2021-02-26 08:05:15,374:INFO:Initializing setup()
2021-02-26 08:05:15,375:INFO:USI: f783
2021-02-26 08:05:15,375:INFO:setup(data=(362, 6296), target=artista, train_size=0.7, sampling=True, sample_estimator=None, categorical_features=None, categorical_imputation=constant, ordinal_features=None,
                    high_cardinality_features=None, high_cardinality_method=frequency, numeric_features=None, numeric_imputation=mean, date_features=None, ignore_features=None, normalize=False,
                    normalize_method=zscore, transformation=False, transformation_method=yeo-johnson, handle_unknown_categorical=True, unknown_categorical_method=least_frequent, pca=False, pca_method=linear,
                    pca_components=None, ignore_low_variance=False, combine_rare_levels=False, rare_level_threshold=0.1, bin_numeric_features=None, remove_outliers=False, outliers_threshold=0.05,
                    remove_multicollinearity=False, multicollinearity_threshold=0.9, remove_perfect_collinearity=False, create_clusters=False, cluster_iter=20,
                    polynomial_features=False, polynomial_degree=2, trigonometry_features=False, polynomial_threshold=0.1, group_features=None,
                    group_names=None, feature_selection=False, feature_selection_threshold=0.8, feature_interaction=False, feature_ratio=False, interaction_threshold=0.01,
                    fix_imbalance=False, fix_imbalance_method=None, data_split_shuffle=True, folds_shuffle=False, n_jobs=-1, html=True, session_id=None, log_experiment=False,
                    experiment_name=None, log_plots=False, log_profile=False, log_data=False, silent=False, verbose=True, profile=False)
2021-02-26 08:05:15,375:INFO:Checking environment
2021-02-26 08:05:15,375:INFO:python_version: 3.7.6
2021-02-26 08:05:15,375:INFO:python_build: ('default', 'Jan  8 2020 19:59:22')
2021-02-26 08:05:15,375:INFO:machine: x86_64
2021-02-26 08:05:15,375:INFO:platform: Linux-5.4.0-050400-generic-x86_64-with-debian-bullseye-sid
2021-02-26 08:05:15,375:INFO:Memory: svmem(total=16773652480, available=540127232, percent=96.8, used=15321051136, free=163303424, active=14858821632, inactive=879951872, buffers=40079360, cached=1249218560, shared=646660096, slab=401039360)
2021-02-26 08:05:15,375:INFO:Physical Core: 4
2021-02-26 08:05:15,376:INFO:Logical Core: 8
2021-02-26 08:05:15,376:INFO:Checking libraries
2021-02-26 08:05:15,376:INFO:pd==1.0.1
2021-02-26 08:05:15,376:INFO:numpy==1.18.1
2021-02-26 08:05:15,376:INFO:sklearn==0.23.2
2021-02-26 08:05:15,376:INFO:xgboost==0.71
2021-02-26 08:05:15,376:INFO:lightgbm==2.3.1
2021-02-26 08:05:15,376:INFO:catboost==0.24
2021-02-26 08:05:15,376:INFO:mlflow==1.10.0
2021-02-26 08:05:15,376:INFO:Checking Exceptions
2021-02-26 08:05:15,377:INFO:Preloading libraries
2021-02-26 08:05:15,377:INFO:Preparing display monitor
2021-02-26 08:05:15,392:INFO:Importing libraries
2021-02-26 08:05:16,045:INFO:Copying data for preprocessing
2021-02-26 08:05:16,058:INFO:Declaring global variables
2021-02-26 08:05:16,068:INFO:Declaring preprocessing parameters
2021-02-26 08:05:16,068:INFO:Importing preprocessing module
2021-02-26 08:05:16,817:INFO:Creating preprocessing pipeline
2021-02-26 08:06:14,683:INFO:PyCaret Classification Module
2021-02-26 08:06:14,686:INFO:version 2.0
2021-02-26 08:06:14,686:INFO:Initializing setup()
2021-02-26 08:06:14,686:INFO:USI: 8e4e
2021-02-26 08:06:14,686:INFO:setup(data=(362, 6296), target=artista, train_size=0.7, sampling=True, sample_estimator=None, categorical_features=None, categorical_imputation=constant, ordinal_features=None,
                    high_cardinality_features=None, high_cardinality_method=frequency, numeric_features=None, numeric_imputation=mean, date_features=None, ignore_features=None, normalize=False,
                    normalize_method=zscore, transformation=False, transformation_method=yeo-johnson, handle_unknown_categorical=True, unknown_categorical_method=least_frequent, pca=False, pca_method=linear,
                    pca_components=None, ignore_low_variance=False, combine_rare_levels=False, rare_level_threshold=0.1, bin_numeric_features=None, remove_outliers=False, outliers_threshold=0.05,
                    remove_multicollinearity=False, multicollinearity_threshold=0.9, remove_perfect_collinearity=False, create_clusters=False, cluster_iter=20,
                    polynomial_features=False, polynomial_degree=2, trigonometry_features=False, polynomial_threshold=0.1, group_features=None,
                    group_names=None, feature_selection=False, feature_selection_threshold=0.8, feature_interaction=False, feature_ratio=False, interaction_threshold=0.01,
                    fix_imbalance=False, fix_imbalance_method=None, data_split_shuffle=True, folds_shuffle=False, n_jobs=-1, html=True, session_id=None, log_experiment=False,
                    experiment_name=None, log_plots=False, log_profile=False, log_data=False, silent=False, verbose=True, profile=False)
2021-02-26 08:06:14,686:INFO:Checking environment
2021-02-26 08:06:14,686:INFO:python_version: 3.7.6
2021-02-26 08:06:14,686:INFO:python_build: ('default', 'Jan  8 2020 19:59:22')
2021-02-26 08:06:14,686:INFO:machine: x86_64
2021-02-26 08:06:14,686:INFO:platform: Linux-5.4.0-050400-generic-x86_64-with-debian-bullseye-sid
2021-02-26 08:06:14,687:INFO:Memory: svmem(total=16773652480, available=364896256, percent=97.8, used=15441444864, free=175484928, active=14918098944, inactive=810074112, buffers=27586560, cached=1129136128, shared=646721536, slab=400535552)
2021-02-26 08:06:14,687:INFO:Physical Core: 4
2021-02-26 08:06:14,688:INFO:Logical Core: 8
2021-02-26 08:06:14,689:INFO:Checking libraries
2021-02-26 08:06:14,689:INFO:pd==1.0.1
2021-02-26 08:06:14,689:INFO:numpy==1.18.1
2021-02-26 08:06:14,689:INFO:sklearn==0.23.2
2021-02-26 08:06:14,689:INFO:xgboost==0.71
2021-02-26 08:06:14,689:INFO:lightgbm==2.3.1
2021-02-26 08:06:14,689:INFO:catboost==0.24
2021-02-26 08:06:14,689:INFO:mlflow==1.10.0
2021-02-26 08:06:14,689:INFO:Checking Exceptions
2021-02-26 08:06:14,690:INFO:Preloading libraries
2021-02-26 08:06:14,690:INFO:Preparing display monitor
2021-02-26 08:06:14,706:INFO:Importing libraries
2021-02-26 08:06:14,711:INFO:Copying data for preprocessing
2021-02-26 08:06:14,717:INFO:Declaring global variables
2021-02-26 08:06:14,722:INFO:Declaring preprocessing parameters
2021-02-26 08:06:14,722:INFO:Importing preprocessing module
2021-02-26 08:06:14,722:INFO:Creating preprocessing pipeline
2021-02-26 08:06:57,601:INFO:PyCaret Classification Module
2021-02-26 08:06:57,604:INFO:version 2.0
2021-02-26 08:06:57,605:INFO:Initializing setup()
2021-02-26 08:06:57,605:INFO:USI: 63f1
2021-02-26 08:06:57,605:INFO:setup(data=(362, 6296), target=artista, train_size=0.7, sampling=True, sample_estimator=None, categorical_features=None, categorical_imputation=constant, ordinal_features=None,
                    high_cardinality_features=None, high_cardinality_method=frequency, numeric_features=None, numeric_imputation=mean, date_features=None, ignore_features=None, normalize=False,
                    normalize_method=zscore, transformation=False, transformation_method=yeo-johnson, handle_unknown_categorical=True, unknown_categorical_method=least_frequent, pca=False, pca_method=linear,
                    pca_components=None, ignore_low_variance=False, combine_rare_levels=False, rare_level_threshold=0.1, bin_numeric_features=None, remove_outliers=False, outliers_threshold=0.05,
                    remove_multicollinearity=False, multicollinearity_threshold=0.9, remove_perfect_collinearity=False, create_clusters=False, cluster_iter=20,
                    polynomial_features=False, polynomial_degree=2, trigonometry_features=False, polynomial_threshold=0.1, group_features=None,
                    group_names=None, feature_selection=False, feature_selection_threshold=0.8, feature_interaction=False, feature_ratio=False, interaction_threshold=0.01,
                    fix_imbalance=False, fix_imbalance_method=None, data_split_shuffle=True, folds_shuffle=False, n_jobs=-1, html=True, session_id=None, log_experiment=False,
                    experiment_name=None, log_plots=False, log_profile=False, log_data=False, silent=False, verbose=True, profile=False)
2021-02-26 08:06:57,605:INFO:Checking environment
2021-02-26 08:06:57,605:INFO:python_version: 3.7.6
2021-02-26 08:06:57,605:INFO:python_build: ('default', 'Jan  8 2020 19:59:22')
2021-02-26 08:06:57,606:INFO:machine: x86_64
2021-02-26 08:06:57,606:INFO:platform: Linux-5.4.0-050400-generic-x86_64-with-debian-bullseye-sid
2021-02-26 08:06:57,606:INFO:Memory: svmem(total=16773652480, available=204103680, percent=98.8, used=15593164800, free=165474304, active=15005478912, inactive=736751616, buffers=8450048, cached=1006563328, shared=654884864, slab=399958016)
2021-02-26 08:06:57,607:INFO:Physical Core: 4
2021-02-26 08:06:57,613:INFO:Logical Core: 8
2021-02-26 08:06:57,613:INFO:Checking libraries
2021-02-26 08:06:57,613:INFO:pd==1.0.1
2021-02-26 08:06:57,614:INFO:numpy==1.18.1
2021-02-26 08:06:57,614:INFO:sklearn==0.23.2
2021-02-26 08:06:57,614:INFO:xgboost==0.71
2021-02-26 08:06:57,614:INFO:lightgbm==2.3.1
2021-02-26 08:06:57,614:INFO:catboost==0.24
2021-02-26 08:06:57,614:INFO:mlflow==1.10.0
2021-02-26 08:06:57,614:INFO:Checking Exceptions
2021-02-26 08:06:57,615:INFO:Preloading libraries
2021-02-26 08:06:57,615:INFO:Preparing display monitor
2021-02-26 08:06:57,634:INFO:Importing libraries
2021-02-26 08:06:57,641:INFO:Copying data for preprocessing
2021-02-26 08:06:57,716:INFO:Declaring global variables
2021-02-26 08:06:57,723:INFO:Declaring preprocessing parameters
2021-02-26 08:06:57,723:INFO:Importing preprocessing module
2021-02-26 08:06:57,723:INFO:Creating preprocessing pipeline
2021-02-26 08:16:00,880:INFO:PyCaret Classification Module
2021-02-26 08:16:00,880:INFO:version 2.0
2021-02-26 08:16:00,880:INFO:Initializing setup()
2021-02-26 08:16:00,880:INFO:USI: 59ac
2021-02-26 08:16:00,880:INFO:setup(data=(362, 6296), target=artista, train_size=0.7, sampling=True, sample_estimator=None, categorical_features=None, categorical_imputation=constant, ordinal_features=None,
                    high_cardinality_features=None, high_cardinality_method=frequency, numeric_features=None, numeric_imputation=mean, date_features=None, ignore_features=None, normalize=False,
                    normalize_method=zscore, transformation=False, transformation_method=yeo-johnson, handle_unknown_categorical=True, unknown_categorical_method=least_frequent, pca=False, pca_method=linear,
                    pca_components=None, ignore_low_variance=False, combine_rare_levels=False, rare_level_threshold=0.1, bin_numeric_features=None, remove_outliers=False, outliers_threshold=0.05,
                    remove_multicollinearity=False, multicollinearity_threshold=0.9, remove_perfect_collinearity=False, create_clusters=False, cluster_iter=20,
                    polynomial_features=False, polynomial_degree=2, trigonometry_features=False, polynomial_threshold=0.1, group_features=None,
                    group_names=None, feature_selection=False, feature_selection_threshold=0.8, feature_interaction=False, feature_ratio=False, interaction_threshold=0.01,
                    fix_imbalance=False, fix_imbalance_method=None, data_split_shuffle=True, folds_shuffle=False, n_jobs=-1, html=True, session_id=None, log_experiment=False,
                    experiment_name=None, log_plots=False, log_profile=False, log_data=False, silent=False, verbose=True, profile=False)
2021-02-26 08:16:00,880:INFO:Checking environment
2021-02-26 08:16:00,880:INFO:python_version: 3.7.6
2021-02-26 08:16:00,880:INFO:python_build: ('default', 'Jan  8 2020 19:59:22')
2021-02-26 08:16:00,880:INFO:machine: x86_64
2021-02-26 08:16:00,881:INFO:platform: Linux-5.4.0-050400-generic-x86_64-with-debian-bullseye-sid
2021-02-26 08:16:00,881:INFO:Memory: svmem(total=16773652480, available=10937044992, percent=34.8, used=5295038464, free=5895344128, active=6698684416, inactive=3365097472, buffers=649166848, cached=4934103040, shared=239939584, slab=484134912)
2021-02-26 08:16:00,882:INFO:Physical Core: 4
2021-02-26 08:16:00,882:INFO:Logical Core: 8
2021-02-26 08:16:00,882:INFO:Checking libraries
2021-02-26 08:16:00,882:INFO:pd==1.0.1
2021-02-26 08:16:00,882:INFO:numpy==1.18.1
2021-02-26 08:16:00,882:INFO:sklearn==0.23.2
2021-02-26 08:16:00,882:INFO:xgboost==0.71
2021-02-26 08:16:00,904:INFO:lightgbm==2.3.1
2021-02-26 08:16:01,066:INFO:catboost==0.24
2021-02-26 08:16:01,857:INFO:mlflow==1.10.0
2021-02-26 08:16:01,857:INFO:Checking Exceptions
2021-02-26 08:16:01,858:INFO:Preloading libraries
2021-02-26 08:16:01,858:INFO:Preparing display monitor
2021-02-26 08:16:01,871:INFO:Importing libraries
2021-02-26 08:16:02,339:INFO:Copying data for preprocessing
2021-02-26 08:16:02,351:INFO:Declaring global variables
2021-02-26 08:16:02,358:INFO:Declaring preprocessing parameters
2021-02-26 08:16:02,358:INFO:Importing preprocessing module
2021-02-26 08:16:03,189:INFO:Creating preprocessing pipeline
2021-02-26 08:17:09,668:INFO:Preprocessing pipeline created successfully
2021-02-26 08:17:09,668:INFO:Creating grid variables
2021-02-26 08:17:09,720:INFO:Creating global containers
2021-02-26 08:17:09,855:INFO:create_model_container 0
2021-02-26 08:17:09,855:INFO:master_model_container 0
2021-02-26 08:17:09,856:INFO:display_container 0
2021-02-26 08:17:09,861:INFO:Pipeline(memory=None,
         steps=[('dtypes',
                 DataTypes_Auto_infer(categorical_features=[],
                                      display_types=True, features_todrop=[],
                                      ml_usecase='classification',
                                      numerical_features=[], target='artista',
                                      time_features=[])),
                ('imputer',
                 Simple_Imputer(categorical_strategy='not_available',
                                numeric_strategy='mean',
                                target_variable=None)),
                ('new_levels1',
                 New_Catagorical_Le...
                ('group', Empty()), ('nonliner', Empty()), ('scaling', Empty()),
                ('P_transform', Empty()), ('pt_target', Empty()),
                ('binn', Empty()), ('rem_outliers', Empty()),
                ('cluster_all', Empty()), ('dummy', Dummify(target='artista')),
                ('fix_perfect', Empty()), ('clean_names', Clean_Colum_Names()),
                ('feature_select', Empty()), ('fix_multi', Empty()),
                ('dfs', Empty()), ('pca', Empty())],
         verbose=False)
2021-02-26 08:17:09,862:INFO:setup() succesfully completed......................................
2021-02-26 08:17:09,863:INFO:Initializing compare_models()
2021-02-26 08:17:09,863:INFO:compare_models(blacklist=None, whitelist=None, fold=10, round=4, sort=Accuracy, n_select=1, turbo=True, verbose=True)
2021-02-26 08:17:09,863:INFO:Checking exceptions
2021-02-26 08:17:09,866:INFO:Preloading libraries
2021-02-26 08:17:09,866:INFO:Preparing display monitor
2021-02-26 08:17:09,891:INFO:Copying training dataset
2021-02-26 08:17:09,891:INFO:Importing libraries
2021-02-26 08:17:09,912:INFO:Importing untrained models
2021-02-26 08:17:09,915:INFO:Import successful
2021-02-26 08:17:09,923:INFO:Defining folds
2021-02-26 08:17:09,924:INFO:Declaring metric variables
2021-02-26 08:17:09,924:INFO:Initializing Logistic Regression
2021-02-26 08:17:09,930:INFO:Initializing Fold 1
2021-02-26 08:17:09,942:INFO:Fitting Model
2021-02-26 08:17:10,015:INFO:Evaluating Metrics
2021-02-26 08:17:10,107:INFO:Compiling Metrics
2021-02-26 08:17:10,113:INFO:Initializing Fold 2
2021-02-26 08:17:10,123:INFO:Fitting Model
2021-02-26 08:17:10,285:INFO:Evaluating Metrics
2021-02-26 08:17:10,374:INFO:Compiling Metrics
2021-02-26 08:17:10,380:INFO:Initializing Fold 3
2021-02-26 08:17:10,389:INFO:Fitting Model
2021-02-26 08:17:10,453:INFO:Evaluating Metrics
2021-02-26 08:17:10,541:INFO:Compiling Metrics
2021-02-26 08:17:10,547:INFO:Initializing Fold 4
2021-02-26 08:17:10,556:INFO:Fitting Model
2021-02-26 08:17:10,621:INFO:Evaluating Metrics
2021-02-26 08:17:10,709:INFO:Compiling Metrics
2021-02-26 08:17:10,714:INFO:Initializing Fold 5
2021-02-26 08:17:10,723:INFO:Fitting Model
2021-02-26 08:17:10,787:INFO:Evaluating Metrics
2021-02-26 08:17:10,876:INFO:Compiling Metrics
2021-02-26 08:17:10,881:INFO:Initializing Fold 6
2021-02-26 08:17:10,890:INFO:Fitting Model
2021-02-26 08:17:10,957:INFO:Evaluating Metrics
2021-02-26 08:17:11,045:INFO:Compiling Metrics
2021-02-26 08:17:11,050:INFO:Initializing Fold 7
2021-02-26 08:17:11,059:INFO:Fitting Model
2021-02-26 08:17:11,122:INFO:Evaluating Metrics
2021-02-26 08:17:11,211:INFO:Compiling Metrics
2021-02-26 08:17:11,216:INFO:Initializing Fold 8
2021-02-26 08:17:11,225:INFO:Fitting Model
2021-02-26 08:17:11,290:INFO:Evaluating Metrics
2021-02-26 08:17:11,385:INFO:Compiling Metrics
2021-02-26 08:17:11,391:INFO:Initializing Fold 9
2021-02-26 08:17:11,401:INFO:Fitting Model
2021-02-26 08:17:11,473:INFO:Evaluating Metrics
2021-02-26 08:17:11,567:INFO:Compiling Metrics
2021-02-26 08:17:11,573:INFO:Initializing Fold 10
2021-02-26 08:17:11,582:INFO:Fitting Model
2021-02-26 08:17:11,650:INFO:Evaluating Metrics
2021-02-26 08:17:11,745:INFO:Compiling Metrics
2021-02-26 08:17:11,750:INFO:Calculating mean and std
2021-02-26 08:17:11,750:INFO:Creating metrics dataframe
2021-02-26 08:17:11,762:INFO:Initializing K Neighbors Classifier
2021-02-26 08:17:11,767:INFO:Initializing Fold 1
2021-02-26 08:17:11,776:INFO:Fitting Model
2021-02-26 08:17:11,879:INFO:Evaluating Metrics
2021-02-26 08:17:12,193:INFO:Compiling Metrics
2021-02-26 08:17:12,199:INFO:Initializing Fold 2
2021-02-26 08:17:12,209:INFO:Fitting Model
2021-02-26 08:17:12,309:INFO:Evaluating Metrics
2021-02-26 08:17:12,627:INFO:Compiling Metrics
2021-02-26 08:17:12,633:INFO:Initializing Fold 3
2021-02-26 08:17:12,643:INFO:Fitting Model
2021-02-26 08:17:12,758:INFO:Evaluating Metrics
2021-02-26 08:17:13,071:INFO:Compiling Metrics
2021-02-26 08:17:13,078:INFO:Initializing Fold 4
2021-02-26 08:17:13,087:INFO:Fitting Model
2021-02-26 08:17:13,184:INFO:Evaluating Metrics
2021-02-26 08:17:13,493:INFO:Compiling Metrics
2021-02-26 08:17:13,499:INFO:Initializing Fold 5
2021-02-26 08:17:13,508:INFO:Fitting Model
2021-02-26 08:17:13,611:INFO:Evaluating Metrics
2021-02-26 08:17:13,936:INFO:Compiling Metrics
2021-02-26 08:17:13,942:INFO:Initializing Fold 6
2021-02-26 08:17:13,953:INFO:Fitting Model
2021-02-26 08:17:14,052:INFO:Evaluating Metrics
2021-02-26 08:17:14,365:INFO:Compiling Metrics
2021-02-26 08:17:14,371:INFO:Initializing Fold 7
2021-02-26 08:17:14,380:INFO:Fitting Model
2021-02-26 08:17:14,478:INFO:Evaluating Metrics
2021-02-26 08:17:14,785:INFO:Compiling Metrics
2021-02-26 08:17:14,791:INFO:Initializing Fold 8
2021-02-26 08:17:14,801:INFO:Fitting Model
2021-02-26 08:17:14,902:INFO:Evaluating Metrics
2021-02-26 08:17:15,212:INFO:Compiling Metrics
2021-02-26 08:17:15,218:INFO:Initializing Fold 9
2021-02-26 08:17:15,227:INFO:Fitting Model
2021-02-26 08:17:15,325:INFO:Evaluating Metrics
2021-02-26 08:17:15,636:INFO:Compiling Metrics
2021-02-26 08:17:15,642:INFO:Initializing Fold 10
2021-02-26 08:17:15,651:INFO:Fitting Model
2021-02-26 08:17:15,749:INFO:Evaluating Metrics
2021-02-26 08:17:16,056:INFO:Compiling Metrics
2021-02-26 08:17:16,063:INFO:Calculating mean and std
2021-02-26 08:17:16,063:INFO:Creating metrics dataframe
2021-02-26 08:17:16,078:INFO:Initializing Naive Bayes
2021-02-26 08:17:16,085:INFO:Initializing Fold 1
2021-02-26 08:17:16,094:INFO:Fitting Model
2021-02-26 08:17:16,166:INFO:Evaluating Metrics
2021-02-26 08:17:16,255:WARNING:model has no predict_proba attribute. AUC set to 0.00
2021-02-26 08:17:16,258:INFO:Compiling Metrics
2021-02-26 08:17:16,264:INFO:Initializing Fold 2
2021-02-26 08:17:16,273:INFO:Fitting Model
2021-02-26 08:17:16,338:INFO:Evaluating Metrics
2021-02-26 08:17:16,426:WARNING:model has no predict_proba attribute. AUC set to 0.00
2021-02-26 08:17:16,429:INFO:Compiling Metrics
2021-02-26 08:17:16,435:INFO:Initializing Fold 3
2021-02-26 08:17:16,443:INFO:Fitting Model
2021-02-26 08:17:16,509:INFO:Evaluating Metrics
2021-02-26 08:17:16,597:WARNING:model has no predict_proba attribute. AUC set to 0.00
2021-02-26 08:17:16,600:INFO:Compiling Metrics
2021-02-26 08:17:16,606:INFO:Initializing Fold 4
2021-02-26 08:17:16,615:INFO:Fitting Model
2021-02-26 08:17:16,685:INFO:Evaluating Metrics
2021-02-26 08:17:16,774:WARNING:model has no predict_proba attribute. AUC set to 0.00
2021-02-26 08:17:16,777:INFO:Compiling Metrics
2021-02-26 08:17:16,782:INFO:Initializing Fold 5
2021-02-26 08:17:16,791:INFO:Fitting Model
2021-02-26 08:17:16,857:INFO:Evaluating Metrics
2021-02-26 08:17:16,949:WARNING:model has no predict_proba attribute. AUC set to 0.00
2021-02-26 08:17:16,952:INFO:Compiling Metrics
2021-02-26 08:17:16,957:INFO:Initializing Fold 6
2021-02-26 08:17:16,967:INFO:Fitting Model
2021-02-26 08:17:17,037:INFO:Evaluating Metrics
2021-02-26 08:17:17,128:WARNING:model has no predict_proba attribute. AUC set to 0.00
2021-02-26 08:17:17,130:INFO:Compiling Metrics
2021-02-26 08:17:17,136:INFO:Initializing Fold 7
2021-02-26 08:17:17,145:INFO:Fitting Model
2021-02-26 08:17:17,212:INFO:Evaluating Metrics
2021-02-26 08:17:17,302:WARNING:model has no predict_proba attribute. AUC set to 0.00
2021-02-26 08:17:17,305:INFO:Compiling Metrics
2021-02-26 08:17:17,310:INFO:Initializing Fold 8
2021-02-26 08:17:17,319:INFO:Fitting Model
2021-02-26 08:17:17,383:INFO:Evaluating Metrics
2021-02-26 08:17:17,471:WARNING:model has no predict_proba attribute. AUC set to 0.00
2021-02-26 08:17:17,474:INFO:Compiling Metrics
2021-02-26 08:17:17,479:INFO:Initializing Fold 9
2021-02-26 08:17:17,488:INFO:Fitting Model
2021-02-26 08:17:17,554:INFO:Evaluating Metrics
2021-02-26 08:17:17,643:WARNING:model has no predict_proba attribute. AUC set to 0.00
2021-02-26 08:17:17,646:INFO:Compiling Metrics
2021-02-26 08:17:17,651:INFO:Initializing Fold 10
2021-02-26 08:17:17,660:INFO:Fitting Model
2021-02-26 08:17:17,728:INFO:Evaluating Metrics
2021-02-26 08:17:17,818:WARNING:model has no predict_proba attribute. AUC set to 0.00
2021-02-26 08:17:17,820:INFO:Compiling Metrics
2021-02-26 08:17:17,826:INFO:Calculating mean and std
2021-02-26 08:17:17,826:INFO:Creating metrics dataframe
2021-02-26 08:17:17,838:INFO:Initializing Decision Tree Classifier
2021-02-26 08:17:17,844:INFO:Initializing Fold 1
2021-02-26 08:17:17,852:INFO:Fitting Model
2021-02-26 08:17:17,908:INFO:Evaluating Metrics
2021-02-26 08:17:17,999:INFO:Compiling Metrics
2021-02-26 08:17:18,005:INFO:Initializing Fold 2
2021-02-26 08:17:18,013:INFO:Fitting Model
2021-02-26 08:17:18,065:INFO:Evaluating Metrics
2021-02-26 08:17:18,156:INFO:Compiling Metrics
2021-02-26 08:17:18,161:INFO:Initializing Fold 3
2021-02-26 08:17:18,170:INFO:Fitting Model
2021-02-26 08:17:18,232:INFO:Evaluating Metrics
2021-02-26 08:17:18,323:INFO:Compiling Metrics
2021-02-26 08:17:18,328:INFO:Initializing Fold 4
2021-02-26 08:17:18,338:INFO:Fitting Model
2021-02-26 08:17:18,395:INFO:Evaluating Metrics
2021-02-26 08:17:18,484:INFO:Compiling Metrics
2021-02-26 08:17:18,489:INFO:Initializing Fold 5
2021-02-26 08:17:18,498:INFO:Fitting Model
2021-02-26 08:17:18,548:INFO:Evaluating Metrics
2021-02-26 08:17:18,637:INFO:Compiling Metrics
2021-02-26 08:17:18,642:INFO:Initializing Fold 6
2021-02-26 08:17:18,651:INFO:Fitting Model
2021-02-26 08:17:18,701:INFO:Evaluating Metrics
2021-02-26 08:17:18,790:INFO:Compiling Metrics
2021-02-26 08:17:18,795:INFO:Initializing Fold 7
2021-02-26 08:17:18,804:INFO:Fitting Model
2021-02-26 08:17:18,854:INFO:Evaluating Metrics
2021-02-26 08:17:18,945:INFO:Compiling Metrics
2021-02-26 08:17:18,950:INFO:Initializing Fold 8
2021-02-26 08:17:18,959:INFO:Fitting Model
2021-02-26 08:17:19,020:INFO:Evaluating Metrics
2021-02-26 08:17:19,110:INFO:Compiling Metrics
2021-02-26 08:17:19,116:INFO:Initializing Fold 9
2021-02-26 08:17:19,125:INFO:Fitting Model
2021-02-26 08:17:19,176:INFO:Evaluating Metrics
2021-02-26 08:17:19,266:INFO:Compiling Metrics
2021-02-26 08:17:19,272:INFO:Initializing Fold 10
2021-02-26 08:17:19,281:INFO:Fitting Model
2021-02-26 08:17:19,332:INFO:Evaluating Metrics
2021-02-26 08:17:19,422:INFO:Compiling Metrics
2021-02-26 08:17:19,427:INFO:Calculating mean and std
2021-02-26 08:17:19,428:INFO:Creating metrics dataframe
2021-02-26 08:17:19,440:INFO:Initializing SVM - Linear Kernel
2021-02-26 08:17:19,446:INFO:Initializing Fold 1
2021-02-26 08:17:19,454:INFO:Fitting Model
2021-02-26 08:17:19,620:INFO:Evaluating Metrics
2021-02-26 08:17:19,620:WARNING:model has no predict_proba attribute. pred_prob set to 0.00
2021-02-26 08:17:19,664:WARNING:model has no predict_proba attribute. AUC set to 0.00
2021-02-26 08:17:19,667:INFO:Compiling Metrics
2021-02-26 08:17:19,672:INFO:Initializing Fold 2
2021-02-26 08:17:19,681:INFO:Fitting Model
2021-02-26 08:17:19,922:INFO:Evaluating Metrics
2021-02-26 08:17:19,923:WARNING:model has no predict_proba attribute. pred_prob set to 0.00
2021-02-26 08:17:19,966:WARNING:model has no predict_proba attribute. AUC set to 0.00
2021-02-26 08:17:19,969:INFO:Compiling Metrics
2021-02-26 08:17:19,975:INFO:Initializing Fold 3
2021-02-26 08:17:19,984:INFO:Fitting Model
2021-02-26 08:17:20,230:INFO:Evaluating Metrics
2021-02-26 08:17:20,231:WARNING:model has no predict_proba attribute. pred_prob set to 0.00
2021-02-26 08:17:20,275:WARNING:model has no predict_proba attribute. AUC set to 0.00
2021-02-26 08:17:20,278:INFO:Compiling Metrics
2021-02-26 08:17:20,284:INFO:Initializing Fold 4
2021-02-26 08:17:20,293:INFO:Fitting Model
2021-02-26 08:17:20,448:INFO:Evaluating Metrics
2021-02-26 08:17:20,448:WARNING:model has no predict_proba attribute. pred_prob set to 0.00
2021-02-26 08:17:20,492:WARNING:model has no predict_proba attribute. AUC set to 0.00
2021-02-26 08:17:20,496:INFO:Compiling Metrics
2021-02-26 08:17:20,501:INFO:Initializing Fold 5
2021-02-26 08:17:20,510:INFO:Fitting Model
2021-02-26 08:17:20,705:INFO:Evaluating Metrics
2021-02-26 08:17:20,705:WARNING:model has no predict_proba attribute. pred_prob set to 0.00
2021-02-26 08:17:20,749:WARNING:model has no predict_proba attribute. AUC set to 0.00
2021-02-26 08:17:20,752:INFO:Compiling Metrics
2021-02-26 08:17:20,757:INFO:Initializing Fold 6
2021-02-26 08:17:20,766:INFO:Fitting Model
2021-02-26 08:17:20,921:INFO:Evaluating Metrics
2021-02-26 08:17:20,921:WARNING:model has no predict_proba attribute. pred_prob set to 0.00
2021-02-26 08:17:20,969:WARNING:model has no predict_proba attribute. AUC set to 0.00
2021-02-26 08:17:20,972:INFO:Compiling Metrics
2021-02-26 08:17:20,977:INFO:Initializing Fold 7
2021-02-26 08:17:20,986:INFO:Fitting Model
2021-02-26 08:17:21,142:INFO:Evaluating Metrics
2021-02-26 08:17:21,142:WARNING:model has no predict_proba attribute. pred_prob set to 0.00
2021-02-26 08:17:21,186:WARNING:model has no predict_proba attribute. AUC set to 0.00
2021-02-26 08:17:21,189:INFO:Compiling Metrics
2021-02-26 08:17:21,195:INFO:Initializing Fold 8
2021-02-26 08:17:21,204:INFO:Fitting Model
2021-02-26 08:17:21,364:INFO:Evaluating Metrics
2021-02-26 08:17:21,364:WARNING:model has no predict_proba attribute. pred_prob set to 0.00
2021-02-26 08:17:21,408:WARNING:model has no predict_proba attribute. AUC set to 0.00
2021-02-26 08:17:21,411:INFO:Compiling Metrics
2021-02-26 08:17:21,416:INFO:Initializing Fold 9
2021-02-26 08:17:21,425:INFO:Fitting Model
2021-02-26 08:17:21,585:INFO:Evaluating Metrics
2021-02-26 08:17:21,586:WARNING:model has no predict_proba attribute. pred_prob set to 0.00
2021-02-26 08:17:21,631:WARNING:model has no predict_proba attribute. AUC set to 0.00
2021-02-26 08:17:21,634:INFO:Compiling Metrics
2021-02-26 08:17:21,640:INFO:Initializing Fold 10
2021-02-26 08:17:21,649:INFO:Fitting Model
2021-02-26 08:17:21,822:INFO:Evaluating Metrics
2021-02-26 08:17:21,822:WARNING:model has no predict_proba attribute. pred_prob set to 0.00
2021-02-26 08:17:21,868:WARNING:model has no predict_proba attribute. AUC set to 0.00
2021-02-26 08:17:21,871:INFO:Compiling Metrics
2021-02-26 08:17:21,877:INFO:Calculating mean and std
2021-02-26 08:17:21,877:INFO:Creating metrics dataframe
2021-02-26 08:17:21,895:INFO:Initializing Ridge Classifier
2021-02-26 08:17:21,901:INFO:Initializing Fold 1
2021-02-26 08:17:21,910:INFO:Fitting Model
2021-02-26 08:17:22,022:INFO:Evaluating Metrics
2021-02-26 08:17:22,022:WARNING:model has no predict_proba attribute. pred_prob set to 0.00
2021-02-26 08:17:22,072:WARNING:model has no predict_proba attribute. AUC set to 0.00
2021-02-26 08:17:22,074:INFO:Compiling Metrics
2021-02-26 08:17:22,081:INFO:Initializing Fold 2
2021-02-26 08:17:22,090:INFO:Fitting Model
2021-02-26 08:17:22,170:INFO:Evaluating Metrics
2021-02-26 08:17:22,171:WARNING:model has no predict_proba attribute. pred_prob set to 0.00
2021-02-26 08:17:22,217:WARNING:model has no predict_proba attribute. AUC set to 0.00
2021-02-26 08:17:22,220:INFO:Compiling Metrics
2021-02-26 08:17:22,225:INFO:Initializing Fold 3
2021-02-26 08:17:22,234:INFO:Fitting Model
2021-02-26 08:17:22,324:INFO:Evaluating Metrics
2021-02-26 08:17:22,324:WARNING:model has no predict_proba attribute. pred_prob set to 0.00
2021-02-26 08:17:22,369:WARNING:model has no predict_proba attribute. AUC set to 0.00
2021-02-26 08:17:22,372:INFO:Compiling Metrics
2021-02-26 08:17:22,377:INFO:Initializing Fold 4
2021-02-26 08:17:22,386:INFO:Fitting Model
2021-02-26 08:17:22,466:INFO:Evaluating Metrics
2021-02-26 08:17:22,466:WARNING:model has no predict_proba attribute. pred_prob set to 0.00
2021-02-26 08:17:22,510:WARNING:model has no predict_proba attribute. AUC set to 0.00
2021-02-26 08:17:22,512:INFO:Compiling Metrics
2021-02-26 08:17:22,518:INFO:Initializing Fold 5
2021-02-26 08:17:22,527:INFO:Fitting Model
2021-02-26 08:17:22,623:INFO:Evaluating Metrics
2021-02-26 08:17:22,623:WARNING:model has no predict_proba attribute. pred_prob set to 0.00
2021-02-26 08:17:22,671:WARNING:model has no predict_proba attribute. AUC set to 0.00
2021-02-26 08:17:22,674:INFO:Compiling Metrics
2021-02-26 08:17:22,680:INFO:Initializing Fold 6
2021-02-26 08:17:22,692:INFO:Fitting Model
2021-02-26 08:17:22,779:INFO:Evaluating Metrics
2021-02-26 08:17:22,779:WARNING:model has no predict_proba attribute. pred_prob set to 0.00
2021-02-26 08:17:22,827:WARNING:model has no predict_proba attribute. AUC set to 0.00
2021-02-26 08:17:22,829:INFO:Compiling Metrics
2021-02-26 08:17:22,835:INFO:Initializing Fold 7
2021-02-26 08:17:22,847:INFO:Fitting Model
2021-02-26 08:17:22,933:INFO:Evaluating Metrics
2021-02-26 08:17:22,933:WARNING:model has no predict_proba attribute. pred_prob set to 0.00
2021-02-26 08:17:22,977:WARNING:model has no predict_proba attribute. AUC set to 0.00
2021-02-26 08:17:22,980:INFO:Compiling Metrics
2021-02-26 08:17:22,985:INFO:Initializing Fold 8
2021-02-26 08:17:22,994:INFO:Fitting Model
2021-02-26 08:17:23,074:INFO:Evaluating Metrics
2021-02-26 08:17:23,074:WARNING:model has no predict_proba attribute. pred_prob set to 0.00
2021-02-26 08:17:23,118:WARNING:model has no predict_proba attribute. AUC set to 0.00
2021-02-26 08:17:23,121:INFO:Compiling Metrics
2021-02-26 08:17:23,126:INFO:Initializing Fold 9
2021-02-26 08:17:23,135:INFO:Fitting Model
2021-02-26 08:17:23,220:INFO:Evaluating Metrics
2021-02-26 08:17:23,221:WARNING:model has no predict_proba attribute. pred_prob set to 0.00
2021-02-26 08:17:23,264:WARNING:model has no predict_proba attribute. AUC set to 0.00
2021-02-26 08:17:23,267:INFO:Compiling Metrics
2021-02-26 08:17:23,273:INFO:Initializing Fold 10
2021-02-26 08:17:23,282:INFO:Fitting Model
2021-02-26 08:17:23,361:INFO:Evaluating Metrics
2021-02-26 08:17:23,361:WARNING:model has no predict_proba attribute. pred_prob set to 0.00
2021-02-26 08:17:23,405:WARNING:model has no predict_proba attribute. AUC set to 0.00
2021-02-26 08:17:23,408:INFO:Compiling Metrics
2021-02-26 08:17:23,413:INFO:Calculating mean and std
2021-02-26 08:17:23,413:INFO:Creating metrics dataframe
2021-02-26 08:17:23,425:INFO:Initializing Random Forest Classifier
2021-02-26 08:17:23,432:INFO:Initializing Fold 1
2021-02-26 08:17:23,441:INFO:Fitting Model
2021-02-26 08:17:23,595:INFO:Evaluating Metrics
2021-02-26 08:17:23,915:INFO:Compiling Metrics
2021-02-26 08:17:23,922:INFO:Initializing Fold 2
2021-02-26 08:17:23,931:INFO:Fitting Model
2021-02-26 08:17:24,087:INFO:Evaluating Metrics
2021-02-26 08:17:24,406:INFO:Compiling Metrics
2021-02-26 08:17:24,413:INFO:Initializing Fold 3
2021-02-26 08:17:24,423:INFO:Fitting Model
2021-02-26 08:17:24,577:INFO:Evaluating Metrics
2021-02-26 08:17:24,892:INFO:Compiling Metrics
2021-02-26 08:17:24,900:INFO:Initializing Fold 4
2021-02-26 08:17:24,910:INFO:Fitting Model
2021-02-26 08:17:25,066:INFO:Evaluating Metrics
2021-02-26 08:17:25,379:INFO:Compiling Metrics
2021-02-26 08:17:25,386:INFO:Initializing Fold 5
2021-02-26 08:17:25,397:INFO:Fitting Model
2021-02-26 08:17:25,551:INFO:Evaluating Metrics
2021-02-26 08:17:25,864:INFO:Compiling Metrics
2021-02-26 08:17:25,872:INFO:Initializing Fold 6
2021-02-26 08:17:25,882:INFO:Fitting Model
2021-02-26 08:17:26,037:INFO:Evaluating Metrics
2021-02-26 08:17:26,351:INFO:Compiling Metrics
2021-02-26 08:17:26,359:INFO:Initializing Fold 7
2021-02-26 08:17:26,369:INFO:Fitting Model
2021-02-26 08:17:26,522:INFO:Evaluating Metrics
2021-02-26 08:17:26,839:INFO:Compiling Metrics
2021-02-26 08:17:26,845:INFO:Initializing Fold 8
2021-02-26 08:17:26,855:INFO:Fitting Model
2021-02-26 08:17:27,008:INFO:Evaluating Metrics
2021-02-26 08:17:27,324:INFO:Compiling Metrics
2021-02-26 08:17:27,332:INFO:Initializing Fold 9
2021-02-26 08:17:27,342:INFO:Fitting Model
2021-02-26 08:17:27,496:INFO:Evaluating Metrics
2021-02-26 08:17:27,816:INFO:Compiling Metrics
2021-02-26 08:17:27,824:INFO:Initializing Fold 10
2021-02-26 08:17:27,836:INFO:Fitting Model
2021-02-26 08:17:27,994:INFO:Evaluating Metrics
2021-02-26 08:17:28,313:INFO:Compiling Metrics
2021-02-26 08:17:28,320:INFO:Calculating mean and std
2021-02-26 08:17:28,321:INFO:Creating metrics dataframe
2021-02-26 08:17:28,335:INFO:Initializing Quadratic Discriminant Analysis
2021-02-26 08:17:28,341:INFO:Initializing Fold 1
2021-02-26 08:17:28,350:INFO:Fitting Model
2021-02-26 08:17:28,502:INFO:Evaluating Metrics
2021-02-26 08:17:28,602:WARNING:model has no predict_proba attribute. AUC set to 0.00
2021-02-26 08:17:28,605:INFO:Compiling Metrics
2021-02-26 08:17:28,610:INFO:Initializing Fold 2
2021-02-26 08:17:28,620:INFO:Fitting Model
2021-02-26 08:17:28,744:INFO:Evaluating Metrics
2021-02-26 08:17:28,844:WARNING:model has no predict_proba attribute. AUC set to 0.00
2021-02-26 08:17:28,847:INFO:Compiling Metrics
2021-02-26 08:17:28,852:INFO:Initializing Fold 3
2021-02-26 08:17:28,861:INFO:Fitting Model
2021-02-26 08:17:28,985:INFO:Evaluating Metrics
2021-02-26 08:17:29,084:WARNING:model has no predict_proba attribute. AUC set to 0.00
2021-02-26 08:17:29,087:INFO:Compiling Metrics
2021-02-26 08:17:29,093:INFO:Initializing Fold 4
2021-02-26 08:17:29,102:INFO:Fitting Model
2021-02-26 08:17:29,227:INFO:Evaluating Metrics
2021-02-26 08:17:29,327:WARNING:model has no predict_proba attribute. AUC set to 0.00
2021-02-26 08:17:29,330:INFO:Compiling Metrics
2021-02-26 08:17:29,336:INFO:Initializing Fold 5
2021-02-26 08:17:29,345:INFO:Fitting Model
2021-02-26 08:17:29,473:INFO:Evaluating Metrics
2021-02-26 08:17:29,573:WARNING:model has no predict_proba attribute. AUC set to 0.00
2021-02-26 08:17:29,575:INFO:Compiling Metrics
2021-02-26 08:17:29,581:INFO:Initializing Fold 6
2021-02-26 08:17:29,590:INFO:Fitting Model
2021-02-26 08:17:29,721:INFO:Evaluating Metrics
2021-02-26 08:17:29,820:WARNING:model has no predict_proba attribute. AUC set to 0.00
2021-02-26 08:17:29,823:INFO:Compiling Metrics
2021-02-26 08:17:29,829:INFO:Initializing Fold 7
2021-02-26 08:17:29,838:INFO:Fitting Model
2021-02-26 08:17:29,961:INFO:Evaluating Metrics
2021-02-26 08:17:30,061:WARNING:model has no predict_proba attribute. AUC set to 0.00
2021-02-26 08:17:30,063:INFO:Compiling Metrics
2021-02-26 08:17:30,069:INFO:Initializing Fold 8
2021-02-26 08:17:30,078:INFO:Fitting Model
2021-02-26 08:17:30,211:INFO:Evaluating Metrics
2021-02-26 08:17:30,310:WARNING:model has no predict_proba attribute. AUC set to 0.00
2021-02-26 08:17:30,313:INFO:Compiling Metrics
2021-02-26 08:17:30,319:INFO:Initializing Fold 9
2021-02-26 08:17:30,328:INFO:Fitting Model
2021-02-26 08:17:30,450:INFO:Evaluating Metrics
2021-02-26 08:17:30,550:WARNING:model has no predict_proba attribute. AUC set to 0.00
2021-02-26 08:17:30,553:INFO:Compiling Metrics
2021-02-26 08:17:30,558:INFO:Initializing Fold 10
2021-02-26 08:17:30,567:INFO:Fitting Model
2021-02-26 08:17:30,688:INFO:Evaluating Metrics
2021-02-26 08:17:30,788:WARNING:model has no predict_proba attribute. AUC set to 0.00
2021-02-26 08:17:30,791:INFO:Compiling Metrics
2021-02-26 08:17:30,796:INFO:Calculating mean and std
2021-02-26 08:17:30,796:INFO:Creating metrics dataframe
2021-02-26 08:17:30,810:INFO:Initializing Ada Boost Classifier
2021-02-26 08:17:30,815:INFO:Initializing Fold 1
2021-02-26 08:17:30,824:INFO:Fitting Model
2021-02-26 08:17:31,319:INFO:Evaluating Metrics
2021-02-26 08:17:31,441:INFO:Compiling Metrics
2021-02-26 08:17:31,446:INFO:Initializing Fold 2
2021-02-26 08:17:31,455:INFO:Fitting Model
2021-02-26 08:17:31,946:INFO:Evaluating Metrics
2021-02-26 08:17:32,066:INFO:Compiling Metrics
2021-02-26 08:17:32,072:INFO:Initializing Fold 3
2021-02-26 08:17:32,081:INFO:Fitting Model
2021-02-26 08:17:32,577:INFO:Evaluating Metrics
2021-02-26 08:17:32,698:INFO:Compiling Metrics
2021-02-26 08:17:32,703:INFO:Initializing Fold 4
2021-02-26 08:17:32,713:INFO:Fitting Model
2021-02-26 08:17:33,216:INFO:Evaluating Metrics
2021-02-26 08:17:33,336:INFO:Compiling Metrics
2021-02-26 08:17:33,342:INFO:Initializing Fold 5
2021-02-26 08:17:33,351:INFO:Fitting Model
2021-02-26 08:17:33,850:INFO:Evaluating Metrics
2021-02-26 08:17:33,975:INFO:Compiling Metrics
2021-02-26 08:17:33,980:INFO:Initializing Fold 6
2021-02-26 08:17:33,990:INFO:Fitting Model
2021-02-26 08:17:34,497:INFO:Evaluating Metrics
2021-02-26 08:17:34,624:INFO:Compiling Metrics
2021-02-26 08:17:34,630:INFO:Initializing Fold 7
2021-02-26 08:17:34,639:INFO:Fitting Model
2021-02-26 08:17:35,158:INFO:Evaluating Metrics
2021-02-26 08:17:35,278:INFO:Compiling Metrics
2021-02-26 08:17:35,284:INFO:Initializing Fold 8
2021-02-26 08:17:35,293:INFO:Fitting Model
2021-02-26 08:17:35,791:INFO:Evaluating Metrics
2021-02-26 08:17:35,911:INFO:Compiling Metrics
2021-02-26 08:17:35,917:INFO:Initializing Fold 9
2021-02-26 08:17:35,926:INFO:Fitting Model
2021-02-26 08:17:36,425:INFO:Evaluating Metrics
2021-02-26 08:17:36,546:INFO:Compiling Metrics
2021-02-26 08:17:36,551:INFO:Initializing Fold 10
2021-02-26 08:17:36,561:INFO:Fitting Model
2021-02-26 08:17:37,056:INFO:Evaluating Metrics
2021-02-26 08:17:37,177:INFO:Compiling Metrics
2021-02-26 08:17:37,183:INFO:Calculating mean and std
2021-02-26 08:17:37,183:INFO:Creating metrics dataframe
2021-02-26 08:17:37,200:INFO:Initializing Gradient Boosting Classifier
2021-02-26 08:17:37,206:INFO:Initializing Fold 1
2021-02-26 08:17:37,215:INFO:Fitting Model
2021-02-26 08:17:37,578:INFO:Evaluating Metrics
2021-02-26 08:17:37,669:INFO:Compiling Metrics
2021-02-26 08:17:37,675:INFO:Initializing Fold 2
2021-02-26 08:17:37,684:INFO:Fitting Model
2021-02-26 08:17:38,060:INFO:Evaluating Metrics
2021-02-26 08:17:38,150:INFO:Compiling Metrics
2021-02-26 08:17:38,156:INFO:Initializing Fold 3
2021-02-26 08:17:38,167:INFO:Fitting Model
2021-02-26 08:17:38,541:INFO:Evaluating Metrics
2021-02-26 08:17:38,633:INFO:Compiling Metrics
2021-02-26 08:17:38,638:INFO:Initializing Fold 4
2021-02-26 08:17:38,647:INFO:Fitting Model
2021-02-26 08:17:39,013:INFO:Evaluating Metrics
2021-02-26 08:17:39,103:INFO:Compiling Metrics
2021-02-26 08:17:39,109:INFO:Initializing Fold 5
2021-02-26 08:17:39,118:INFO:Fitting Model
2021-02-26 08:17:39,482:INFO:Evaluating Metrics
2021-02-26 08:17:39,571:INFO:Compiling Metrics
2021-02-26 08:17:39,577:INFO:Initializing Fold 6
2021-02-26 08:17:39,586:INFO:Fitting Model
2021-02-26 08:17:39,951:INFO:Evaluating Metrics
2021-02-26 08:17:40,042:INFO:Compiling Metrics
2021-02-26 08:17:40,047:INFO:Initializing Fold 7
2021-02-26 08:17:40,056:INFO:Fitting Model
2021-02-26 08:17:40,419:INFO:Evaluating Metrics
2021-02-26 08:17:40,510:INFO:Compiling Metrics
2021-02-26 08:17:40,515:INFO:Initializing Fold 8
2021-02-26 08:17:40,524:INFO:Fitting Model
2021-02-26 08:17:40,884:INFO:Evaluating Metrics
2021-02-26 08:17:40,973:INFO:Compiling Metrics
2021-02-26 08:17:40,979:INFO:Initializing Fold 9
2021-02-26 08:17:40,988:INFO:Fitting Model
2021-02-26 08:17:41,356:INFO:Evaluating Metrics
2021-02-26 08:17:41,451:INFO:Compiling Metrics
2021-02-26 08:17:41,457:INFO:Initializing Fold 10
2021-02-26 08:17:41,466:INFO:Fitting Model
2021-02-26 08:17:41,829:INFO:Evaluating Metrics
2021-02-26 08:17:41,922:INFO:Compiling Metrics
2021-02-26 08:17:41,927:INFO:Calculating mean and std
2021-02-26 08:17:41,927:INFO:Creating metrics dataframe
2021-02-26 08:17:41,941:INFO:Initializing Linear Discriminant Analysis
2021-02-26 08:17:41,947:INFO:Initializing Fold 1
2021-02-26 08:17:41,957:INFO:Fitting Model
2021-02-26 08:18:06,323:INFO:PyCaret Classification Module
2021-02-26 08:18:06,323:INFO:version 2.0
2021-02-26 08:18:06,323:INFO:Initializing setup()
2021-02-26 08:18:06,323:INFO:USI: 1ab8
2021-02-26 08:18:06,323:INFO:setup(data=(362, 6296), target=artista, train_size=0.7, sampling=True, sample_estimator=None, categorical_features=None, categorical_imputation=constant, ordinal_features=None,
                    high_cardinality_features=None, high_cardinality_method=frequency, numeric_features=None, numeric_imputation=mean, date_features=None, ignore_features=None, normalize=False,
                    normalize_method=zscore, transformation=False, transformation_method=yeo-johnson, handle_unknown_categorical=True, unknown_categorical_method=least_frequent, pca=False, pca_method=linear,
                    pca_components=None, ignore_low_variance=False, combine_rare_levels=False, rare_level_threshold=0.1, bin_numeric_features=None, remove_outliers=False, outliers_threshold=0.05,
                    remove_multicollinearity=False, multicollinearity_threshold=0.9, remove_perfect_collinearity=False, create_clusters=False, cluster_iter=20,
                    polynomial_features=False, polynomial_degree=2, trigonometry_features=False, polynomial_threshold=0.1, group_features=None,
                    group_names=None, feature_selection=False, feature_selection_threshold=0.8, feature_interaction=False, feature_ratio=False, interaction_threshold=0.01,
                    fix_imbalance=False, fix_imbalance_method=None, data_split_shuffle=True, folds_shuffle=False, n_jobs=-1, html=True, session_id=None, log_experiment=False,
                    experiment_name=None, log_plots=False, log_profile=False, log_data=False, silent=False, verbose=True, profile=False)
2021-02-26 08:18:06,323:INFO:Checking environment
2021-02-26 08:18:06,323:INFO:python_version: 3.7.6
2021-02-26 08:18:06,323:INFO:python_build: ('default', 'Jan  8 2020 19:59:22')
2021-02-26 08:18:06,323:INFO:machine: x86_64
2021-02-26 08:18:06,323:INFO:platform: Linux-5.4.0-050400-generic-x86_64-with-debian-bullseye-sid
2021-02-26 08:18:06,324:INFO:Memory: svmem(total=16773652480, available=10643673088, percent=36.5, used=5525913600, free=5479186432, active=6953930752, inactive=3526901760, buffers=653840384, cached=5114712064, shared=302477312, slab=488992768)
2021-02-26 08:18:06,325:INFO:Physical Core: 4
2021-02-26 08:18:06,325:INFO:Logical Core: 8
2021-02-26 08:18:06,325:INFO:Checking libraries
2021-02-26 08:18:06,325:INFO:pd==1.0.1
2021-02-26 08:18:06,325:INFO:numpy==1.18.1
2021-02-26 08:18:06,325:INFO:sklearn==0.23.2
2021-02-26 08:18:06,325:INFO:xgboost==0.71
2021-02-26 08:18:06,325:INFO:lightgbm==2.3.1
2021-02-26 08:18:06,325:INFO:catboost==0.24
2021-02-26 08:18:06,325:INFO:mlflow==1.10.0
2021-02-26 08:18:06,325:INFO:Checking Exceptions
2021-02-26 08:18:06,326:INFO:Preloading libraries
2021-02-26 08:18:06,326:INFO:Preparing display monitor
2021-02-26 08:18:06,340:INFO:Importing libraries
2021-02-26 08:18:06,342:INFO:Copying data for preprocessing
2021-02-26 08:18:06,345:INFO:Declaring global variables
2021-02-26 08:18:06,351:INFO:Declaring preprocessing parameters
2021-02-26 08:18:06,351:INFO:Importing preprocessing module
2021-02-26 08:18:06,351:INFO:Creating preprocessing pipeline
2021-02-26 08:19:00,876:INFO:Preprocessing pipeline created successfully
2021-02-26 08:19:00,876:INFO:Creating grid variables
2021-02-26 08:19:00,928:INFO:Creating global containers
2021-02-26 08:19:00,990:INFO:create_model_container 0
2021-02-26 08:19:00,990:INFO:master_model_container 0
2021-02-26 08:19:00,990:INFO:display_container 0
2021-02-26 08:19:00,995:INFO:Pipeline(memory=None,
         steps=[('dtypes',
                 DataTypes_Auto_infer(categorical_features=[],
                                      display_types=True, features_todrop=[],
                                      ml_usecase='classification',
                                      numerical_features=[], target='artista',
                                      time_features=[])),
                ('imputer',
                 Simple_Imputer(categorical_strategy='not_available',
                                numeric_strategy='mean',
                                target_variable=None)),
                ('new_levels1',
                 New_Catagorical_Le...
                ('group', Empty()), ('nonliner', Empty()), ('scaling', Empty()),
                ('P_transform', Empty()), ('pt_target', Empty()),
                ('binn', Empty()), ('rem_outliers', Empty()),
                ('cluster_all', Empty()), ('dummy', Dummify(target='artista')),
                ('fix_perfect', Empty()), ('clean_names', Clean_Colum_Names()),
                ('feature_select', Empty()), ('fix_multi', Empty()),
                ('dfs', Empty()), ('pca', Empty())],
         verbose=False)
2021-02-26 08:19:00,995:INFO:setup() succesfully completed......................................
2021-02-26 08:19:00,996:INFO:Initializing compare_models()
2021-02-26 08:19:00,996:INFO:compare_models(blacklist=None, whitelist=None, fold=10, round=4, sort=Accuracy, n_select=1, turbo=True, verbose=True)
2021-02-26 08:19:00,996:INFO:Checking exceptions
2021-02-26 08:19:00,997:INFO:Preloading libraries
2021-02-26 08:19:00,997:INFO:Preparing display monitor
2021-02-26 08:19:01,016:INFO:Copying training dataset
2021-02-26 08:19:01,016:INFO:Importing libraries
2021-02-26 08:19:01,021:INFO:Importing untrained models
2021-02-26 08:19:01,021:INFO:Import successful
2021-02-26 08:19:01,027:INFO:Defining folds
2021-02-26 08:19:01,027:INFO:Declaring metric variables
2021-02-26 08:19:01,028:INFO:Initializing Logistic Regression
2021-02-26 08:19:01,035:INFO:Initializing Fold 1
2021-02-26 08:19:01,047:INFO:Fitting Model
2021-02-26 08:19:01,115:INFO:Evaluating Metrics
2021-02-26 08:19:01,206:INFO:Compiling Metrics
2021-02-26 08:19:01,211:INFO:Initializing Fold 2
2021-02-26 08:19:01,220:INFO:Fitting Model
2021-02-26 08:19:01,287:INFO:Evaluating Metrics
2021-02-26 08:19:01,377:INFO:Compiling Metrics
2021-02-26 08:19:01,383:INFO:Initializing Fold 3
2021-02-26 08:19:01,392:INFO:Fitting Model
2021-02-26 08:19:01,458:INFO:Evaluating Metrics
2021-02-26 08:19:01,547:INFO:Compiling Metrics
2021-02-26 08:19:01,552:INFO:Initializing Fold 4
2021-02-26 08:19:01,561:INFO:Fitting Model
2021-02-26 08:19:01,625:INFO:Evaluating Metrics
2021-02-26 08:19:01,715:INFO:Compiling Metrics
2021-02-26 08:19:01,720:INFO:Initializing Fold 5
2021-02-26 08:19:01,729:INFO:Fitting Model
2021-02-26 08:19:01,795:INFO:Evaluating Metrics
2021-02-26 08:19:01,891:INFO:Compiling Metrics
2021-02-26 08:19:01,897:INFO:Initializing Fold 6
2021-02-26 08:19:01,907:INFO:Fitting Model
2021-02-26 08:19:01,972:INFO:Evaluating Metrics
2021-02-26 08:19:02,063:INFO:Compiling Metrics
2021-02-26 08:19:02,069:INFO:Initializing Fold 7
2021-02-26 08:19:02,080:INFO:Fitting Model
2021-02-26 08:19:02,147:INFO:Evaluating Metrics
2021-02-26 08:19:02,239:INFO:Compiling Metrics
2021-02-26 08:19:02,245:INFO:Initializing Fold 8
2021-02-26 08:19:02,254:INFO:Fitting Model
2021-02-26 08:19:02,325:INFO:Evaluating Metrics
2021-02-26 08:19:02,417:INFO:Compiling Metrics
2021-02-26 08:19:02,423:INFO:Initializing Fold 9
2021-02-26 08:19:02,435:INFO:Fitting Model
2021-02-26 08:19:02,508:INFO:Evaluating Metrics
2021-02-26 08:19:02,597:INFO:Compiling Metrics
2021-02-26 08:19:02,602:INFO:Initializing Fold 10
2021-02-26 08:19:02,611:INFO:Fitting Model
2021-02-26 08:19:02,677:INFO:Evaluating Metrics
2021-02-26 08:19:02,766:INFO:Compiling Metrics
2021-02-26 08:19:02,772:INFO:Calculating mean and std
2021-02-26 08:19:02,772:INFO:Creating metrics dataframe
2021-02-26 08:19:02,784:INFO:Initializing K Neighbors Classifier
2021-02-26 08:19:02,790:INFO:Initializing Fold 1
2021-02-26 08:19:02,802:INFO:Fitting Model
2021-02-26 08:19:02,901:INFO:Evaluating Metrics
2021-02-26 08:19:03,220:INFO:Compiling Metrics
2021-02-26 08:19:03,226:INFO:Initializing Fold 2
2021-02-26 08:19:03,239:INFO:Fitting Model
2021-02-26 08:19:03,336:INFO:Evaluating Metrics
2021-02-26 08:19:03,646:INFO:Compiling Metrics
2021-02-26 08:19:03,652:INFO:Initializing Fold 3
2021-02-26 08:19:03,664:INFO:Fitting Model
2021-02-26 08:19:03,761:INFO:Evaluating Metrics
2021-02-26 08:19:04,069:INFO:Compiling Metrics
2021-02-26 08:19:04,076:INFO:Initializing Fold 4
2021-02-26 08:19:04,087:INFO:Fitting Model
2021-02-26 08:19:04,184:INFO:Evaluating Metrics
2021-02-26 08:19:04,501:INFO:Compiling Metrics
2021-02-26 08:19:04,506:INFO:Initializing Fold 5
2021-02-26 08:19:04,516:INFO:Fitting Model
2021-02-26 08:19:04,612:INFO:Evaluating Metrics
2021-02-26 08:19:04,922:INFO:Compiling Metrics
2021-02-26 08:19:04,930:INFO:Initializing Fold 6
2021-02-26 08:19:04,939:INFO:Fitting Model
2021-02-26 08:19:05,039:INFO:Evaluating Metrics
2021-02-26 08:19:05,351:INFO:Compiling Metrics
2021-02-26 08:19:05,359:INFO:Initializing Fold 7
2021-02-26 08:19:05,368:INFO:Fitting Model
2021-02-26 08:19:05,464:INFO:Evaluating Metrics
2021-02-26 08:19:05,776:INFO:Compiling Metrics
2021-02-26 08:19:05,782:INFO:Initializing Fold 8
2021-02-26 08:19:05,792:INFO:Fitting Model
2021-02-26 08:19:05,899:INFO:Evaluating Metrics
2021-02-26 08:19:06,220:INFO:Compiling Metrics
2021-02-26 08:19:06,227:INFO:Initializing Fold 9
2021-02-26 08:19:06,238:INFO:Fitting Model
2021-02-26 08:19:06,343:INFO:Evaluating Metrics
2021-02-26 08:19:06,655:INFO:Compiling Metrics
2021-02-26 08:19:06,664:INFO:Initializing Fold 10
2021-02-26 08:19:06,674:INFO:Fitting Model
2021-02-26 08:19:06,771:INFO:Evaluating Metrics
2021-02-26 08:19:07,080:INFO:Compiling Metrics
2021-02-26 08:19:07,086:INFO:Calculating mean and std
2021-02-26 08:19:07,087:INFO:Creating metrics dataframe
2021-02-26 08:19:07,099:INFO:Initializing Naive Bayes
2021-02-26 08:19:07,106:INFO:Initializing Fold 1
2021-02-26 08:19:07,117:INFO:Fitting Model
2021-02-26 08:19:07,186:INFO:Evaluating Metrics
2021-02-26 08:19:07,292:WARNING:model has no predict_proba attribute. AUC set to 0.00
2021-02-26 08:19:07,296:INFO:Compiling Metrics
2021-02-26 08:19:07,302:INFO:Initializing Fold 2
2021-02-26 08:19:07,312:INFO:Fitting Model
2021-02-26 08:19:07,386:INFO:Evaluating Metrics
2021-02-26 08:19:07,482:WARNING:model has no predict_proba attribute. AUC set to 0.00
2021-02-26 08:19:07,485:INFO:Compiling Metrics
2021-02-26 08:19:07,491:INFO:Initializing Fold 3
2021-02-26 08:19:07,501:INFO:Fitting Model
2021-02-26 08:19:07,567:INFO:Evaluating Metrics
2021-02-26 08:19:07,657:WARNING:model has no predict_proba attribute. AUC set to 0.00
2021-02-26 08:19:07,660:INFO:Compiling Metrics
2021-02-26 08:19:07,665:INFO:Initializing Fold 4
2021-02-26 08:19:07,674:INFO:Fitting Model
2021-02-26 08:19:07,739:INFO:Evaluating Metrics
2021-02-26 08:19:07,831:WARNING:model has no predict_proba attribute. AUC set to 0.00
2021-02-26 08:19:07,834:INFO:Compiling Metrics
2021-02-26 08:19:07,839:INFO:Initializing Fold 5
2021-02-26 08:19:07,848:INFO:Fitting Model
2021-02-26 08:19:07,913:INFO:Evaluating Metrics
2021-02-26 08:19:08,004:WARNING:model has no predict_proba attribute. AUC set to 0.00
2021-02-26 08:19:08,006:INFO:Compiling Metrics
2021-02-26 08:19:08,012:INFO:Initializing Fold 6
2021-02-26 08:19:08,021:INFO:Fitting Model
2021-02-26 08:19:08,086:INFO:Evaluating Metrics
2021-02-26 08:19:08,176:WARNING:model has no predict_proba attribute. AUC set to 0.00
2021-02-26 08:19:08,179:INFO:Compiling Metrics
2021-02-26 08:19:08,184:INFO:Initializing Fold 7
2021-02-26 08:19:08,194:INFO:Fitting Model
2021-02-26 08:19:08,265:INFO:Evaluating Metrics
2021-02-26 08:19:08,354:WARNING:model has no predict_proba attribute. AUC set to 0.00
2021-02-26 08:19:08,357:INFO:Compiling Metrics
2021-02-26 08:19:08,363:INFO:Initializing Fold 8
2021-02-26 08:19:08,373:INFO:Fitting Model
2021-02-26 08:19:08,441:INFO:Evaluating Metrics
2021-02-26 08:19:08,530:WARNING:model has no predict_proba attribute. AUC set to 0.00
2021-02-26 08:19:08,533:INFO:Compiling Metrics
2021-02-26 08:19:08,539:INFO:Initializing Fold 9
2021-02-26 08:19:08,548:INFO:Fitting Model
2021-02-26 08:19:08,613:INFO:Evaluating Metrics
2021-02-26 08:19:08,704:WARNING:model has no predict_proba attribute. AUC set to 0.00
2021-02-26 08:19:08,707:INFO:Compiling Metrics
2021-02-26 08:19:08,712:INFO:Initializing Fold 10
2021-02-26 08:19:08,721:INFO:Fitting Model
2021-02-26 08:19:08,786:INFO:Evaluating Metrics
2021-02-26 08:19:08,875:WARNING:model has no predict_proba attribute. AUC set to 0.00
2021-02-26 08:19:08,878:INFO:Compiling Metrics
2021-02-26 08:19:08,883:INFO:Calculating mean and std
2021-02-26 08:19:08,884:INFO:Creating metrics dataframe
2021-02-26 08:19:08,896:INFO:Initializing Decision Tree Classifier
2021-02-26 08:19:08,902:INFO:Initializing Fold 1
2021-02-26 08:19:08,910:INFO:Fitting Model
2021-02-26 08:19:08,961:INFO:Evaluating Metrics
2021-02-26 08:19:09,051:INFO:Compiling Metrics
2021-02-26 08:19:09,057:INFO:Initializing Fold 2
2021-02-26 08:19:09,066:INFO:Fitting Model
2021-02-26 08:19:09,115:INFO:Evaluating Metrics
2021-02-26 08:19:09,205:INFO:Compiling Metrics
2021-02-26 08:19:09,210:INFO:Initializing Fold 3
2021-02-26 08:19:09,219:INFO:Fitting Model
2021-02-26 08:19:09,268:INFO:Evaluating Metrics
2021-02-26 08:19:09,361:INFO:Compiling Metrics
2021-02-26 08:19:09,367:INFO:Initializing Fold 4
2021-02-26 08:19:09,375:INFO:Fitting Model
2021-02-26 08:19:09,425:INFO:Evaluating Metrics
2021-02-26 08:19:09,514:INFO:Compiling Metrics
2021-02-26 08:19:09,519:INFO:Initializing Fold 5
2021-02-26 08:19:09,528:INFO:Fitting Model
2021-02-26 08:19:09,580:INFO:Evaluating Metrics
2021-02-26 08:19:09,673:INFO:Compiling Metrics
2021-02-26 08:19:09,679:INFO:Initializing Fold 6
2021-02-26 08:19:09,688:INFO:Fitting Model
2021-02-26 08:19:09,738:INFO:Evaluating Metrics
2021-02-26 08:19:09,828:INFO:Compiling Metrics
2021-02-26 08:19:09,833:INFO:Initializing Fold 7
2021-02-26 08:19:09,842:INFO:Fitting Model
2021-02-26 08:19:09,892:INFO:Evaluating Metrics
2021-02-26 08:19:09,984:INFO:Compiling Metrics
2021-02-26 08:19:09,989:INFO:Initializing Fold 8
2021-02-26 08:19:09,998:INFO:Fitting Model
2021-02-26 08:19:10,048:INFO:Evaluating Metrics
2021-02-26 08:19:10,137:INFO:Compiling Metrics
2021-02-26 08:19:10,142:INFO:Initializing Fold 9
2021-02-26 08:19:10,152:INFO:Fitting Model
2021-02-26 08:19:10,214:INFO:Evaluating Metrics
2021-02-26 08:19:10,304:INFO:Compiling Metrics
2021-02-26 08:19:10,310:INFO:Initializing Fold 10
2021-02-26 08:19:10,319:INFO:Fitting Model
2021-02-26 08:19:10,379:INFO:Evaluating Metrics
2021-02-26 08:19:10,468:INFO:Compiling Metrics
2021-02-26 08:19:10,473:INFO:Calculating mean and std
2021-02-26 08:19:10,473:INFO:Creating metrics dataframe
2021-02-26 08:19:10,490:INFO:Initializing SVM - Linear Kernel
2021-02-26 08:19:10,495:INFO:Initializing Fold 1
2021-02-26 08:19:10,503:INFO:Fitting Model
2021-02-26 08:19:10,694:INFO:Evaluating Metrics
2021-02-26 08:19:10,694:WARNING:model has no predict_proba attribute. pred_prob set to 0.00
2021-02-26 08:19:10,737:WARNING:model has no predict_proba attribute. AUC set to 0.00
2021-02-26 08:19:10,740:INFO:Compiling Metrics
2021-02-26 08:19:10,745:INFO:Initializing Fold 2
2021-02-26 08:19:10,754:INFO:Fitting Model
2021-02-26 08:19:10,932:INFO:Evaluating Metrics
2021-02-26 08:19:10,932:WARNING:model has no predict_proba attribute. pred_prob set to 0.00
2021-02-26 08:19:10,975:WARNING:model has no predict_proba attribute. AUC set to 0.00
2021-02-26 08:19:10,978:INFO:Compiling Metrics
2021-02-26 08:19:10,984:INFO:Initializing Fold 3
2021-02-26 08:19:10,993:INFO:Fitting Model
2021-02-26 08:19:11,203:INFO:Evaluating Metrics
2021-02-26 08:19:11,203:WARNING:model has no predict_proba attribute. pred_prob set to 0.00
2021-02-26 08:19:11,246:WARNING:model has no predict_proba attribute. AUC set to 0.00
2021-02-26 08:19:11,249:INFO:Compiling Metrics
2021-02-26 08:19:11,254:INFO:Initializing Fold 4
2021-02-26 08:19:11,263:INFO:Fitting Model
2021-02-26 08:19:11,517:INFO:Evaluating Metrics
2021-02-26 08:19:11,517:WARNING:model has no predict_proba attribute. pred_prob set to 0.00
2021-02-26 08:19:11,562:WARNING:model has no predict_proba attribute. AUC set to 0.00
2021-02-26 08:19:11,565:INFO:Compiling Metrics
2021-02-26 08:19:11,571:INFO:Initializing Fold 5
2021-02-26 08:19:11,582:INFO:Fitting Model
2021-02-26 08:19:11,807:INFO:Evaluating Metrics
2021-02-26 08:19:11,807:WARNING:model has no predict_proba attribute. pred_prob set to 0.00
2021-02-26 08:19:11,851:WARNING:model has no predict_proba attribute. AUC set to 0.00
2021-02-26 08:19:11,854:INFO:Compiling Metrics
2021-02-26 08:19:11,859:INFO:Initializing Fold 6
2021-02-26 08:19:11,869:INFO:Fitting Model
2021-02-26 08:19:12,019:INFO:Evaluating Metrics
2021-02-26 08:19:12,019:WARNING:model has no predict_proba attribute. pred_prob set to 0.00
2021-02-26 08:19:12,063:WARNING:model has no predict_proba attribute. AUC set to 0.00
2021-02-26 08:19:12,066:INFO:Compiling Metrics
2021-02-26 08:19:12,072:INFO:Initializing Fold 7
2021-02-26 08:19:12,082:INFO:Fitting Model
2021-02-26 08:19:12,265:INFO:Evaluating Metrics
2021-02-26 08:19:12,265:WARNING:model has no predict_proba attribute. pred_prob set to 0.00
2021-02-26 08:19:12,310:WARNING:model has no predict_proba attribute. AUC set to 0.00
2021-02-26 08:19:12,313:INFO:Compiling Metrics
2021-02-26 08:19:12,319:INFO:Initializing Fold 8
2021-02-26 08:19:12,328:INFO:Fitting Model
2021-02-26 08:19:12,551:INFO:Evaluating Metrics
2021-02-26 08:19:12,551:WARNING:model has no predict_proba attribute. pred_prob set to 0.00
2021-02-26 08:19:12,594:WARNING:model has no predict_proba attribute. AUC set to 0.00
2021-02-26 08:19:12,597:INFO:Compiling Metrics
2021-02-26 08:19:12,603:INFO:Initializing Fold 9
2021-02-26 08:19:12,612:INFO:Fitting Model
2021-02-26 08:19:12,834:INFO:Evaluating Metrics
2021-02-26 08:19:12,834:WARNING:model has no predict_proba attribute. pred_prob set to 0.00
2021-02-26 08:19:12,886:WARNING:model has no predict_proba attribute. AUC set to 0.00
2021-02-26 08:19:12,889:INFO:Compiling Metrics
2021-02-26 08:19:12,894:INFO:Initializing Fold 10
2021-02-26 08:19:12,905:INFO:Fitting Model
2021-02-26 08:19:13,173:INFO:Evaluating Metrics
2021-02-26 08:19:13,173:WARNING:model has no predict_proba attribute. pred_prob set to 0.00
2021-02-26 08:19:13,219:WARNING:model has no predict_proba attribute. AUC set to 0.00
2021-02-26 08:19:13,222:INFO:Compiling Metrics
2021-02-26 08:19:13,228:INFO:Calculating mean and std
2021-02-26 08:19:13,229:INFO:Creating metrics dataframe
2021-02-26 08:19:13,243:INFO:Initializing Ridge Classifier
2021-02-26 08:19:13,250:INFO:Initializing Fold 1
2021-02-26 08:19:13,261:INFO:Fitting Model
2021-02-26 08:19:13,346:INFO:Evaluating Metrics
2021-02-26 08:19:13,346:WARNING:model has no predict_proba attribute. pred_prob set to 0.00
2021-02-26 08:19:13,391:WARNING:model has no predict_proba attribute. AUC set to 0.00
2021-02-26 08:19:13,394:INFO:Compiling Metrics
2021-02-26 08:19:13,400:INFO:Initializing Fold 2
2021-02-26 08:19:13,409:INFO:Fitting Model
2021-02-26 08:19:13,493:INFO:Evaluating Metrics
2021-02-26 08:19:13,493:WARNING:model has no predict_proba attribute. pred_prob set to 0.00
2021-02-26 08:19:13,537:WARNING:model has no predict_proba attribute. AUC set to 0.00
2021-02-26 08:19:13,540:INFO:Compiling Metrics
2021-02-26 08:19:13,546:INFO:Initializing Fold 3
2021-02-26 08:19:13,555:INFO:Fitting Model
2021-02-26 08:19:13,636:INFO:Evaluating Metrics
2021-02-26 08:19:13,636:WARNING:model has no predict_proba attribute. pred_prob set to 0.00
2021-02-26 08:19:13,681:WARNING:model has no predict_proba attribute. AUC set to 0.00
2021-02-26 08:19:13,684:INFO:Compiling Metrics
2021-02-26 08:19:13,690:INFO:Initializing Fold 4
2021-02-26 08:19:13,698:INFO:Fitting Model
2021-02-26 08:19:13,780:INFO:Evaluating Metrics
2021-02-26 08:19:13,780:WARNING:model has no predict_proba attribute. pred_prob set to 0.00
2021-02-26 08:19:13,823:WARNING:model has no predict_proba attribute. AUC set to 0.00
2021-02-26 08:19:13,826:INFO:Compiling Metrics
2021-02-26 08:19:13,831:INFO:Initializing Fold 5
2021-02-26 08:19:13,840:INFO:Fitting Model
2021-02-26 08:19:13,923:INFO:Evaluating Metrics
2021-02-26 08:19:13,923:WARNING:model has no predict_proba attribute. pred_prob set to 0.00
2021-02-26 08:19:13,966:WARNING:model has no predict_proba attribute. AUC set to 0.00
2021-02-26 08:19:13,969:INFO:Compiling Metrics
2021-02-26 08:19:13,974:INFO:Initializing Fold 6
2021-02-26 08:19:13,983:INFO:Fitting Model
2021-02-26 08:19:14,064:INFO:Evaluating Metrics
2021-02-26 08:19:14,064:WARNING:model has no predict_proba attribute. pred_prob set to 0.00
2021-02-26 08:19:14,107:WARNING:model has no predict_proba attribute. AUC set to 0.00
2021-02-26 08:19:14,110:INFO:Compiling Metrics
2021-02-26 08:19:14,115:INFO:Initializing Fold 7
2021-02-26 08:19:14,125:INFO:Fitting Model
2021-02-26 08:19:14,213:INFO:Evaluating Metrics
2021-02-26 08:19:14,213:WARNING:model has no predict_proba attribute. pred_prob set to 0.00
2021-02-26 08:19:14,257:WARNING:model has no predict_proba attribute. AUC set to 0.00
2021-02-26 08:19:14,260:INFO:Compiling Metrics
2021-02-26 08:19:14,265:INFO:Initializing Fold 8
2021-02-26 08:19:14,274:INFO:Fitting Model
2021-02-26 08:19:14,380:INFO:Evaluating Metrics
2021-02-26 08:19:14,380:WARNING:model has no predict_proba attribute. pred_prob set to 0.00
2021-02-26 08:19:14,451:WARNING:model has no predict_proba attribute. AUC set to 0.00
2021-02-26 08:19:14,454:INFO:Compiling Metrics
2021-02-26 08:19:14,460:INFO:Initializing Fold 9
2021-02-26 08:19:14,472:INFO:Fitting Model
2021-02-26 08:19:14,558:INFO:Evaluating Metrics
2021-02-26 08:19:14,559:WARNING:model has no predict_proba attribute. pred_prob set to 0.00
2021-02-26 08:19:14,602:WARNING:model has no predict_proba attribute. AUC set to 0.00
2021-02-26 08:19:14,605:INFO:Compiling Metrics
2021-02-26 08:19:14,610:INFO:Initializing Fold 10
2021-02-26 08:19:14,619:INFO:Fitting Model
2021-02-26 08:19:14,713:INFO:Evaluating Metrics
2021-02-26 08:19:14,713:WARNING:model has no predict_proba attribute. pred_prob set to 0.00
2021-02-26 08:19:14,760:WARNING:model has no predict_proba attribute. AUC set to 0.00
2021-02-26 08:19:14,763:INFO:Compiling Metrics
2021-02-26 08:19:14,768:INFO:Calculating mean and std
2021-02-26 08:19:14,769:INFO:Creating metrics dataframe
2021-02-26 08:19:14,782:INFO:Initializing Random Forest Classifier
2021-02-26 08:19:14,789:INFO:Initializing Fold 1
2021-02-26 08:19:14,802:INFO:Fitting Model
2021-02-26 08:19:14,957:INFO:Evaluating Metrics
2021-02-26 08:19:15,271:INFO:Compiling Metrics
2021-02-26 08:19:15,278:INFO:Initializing Fold 2
2021-02-26 08:19:15,287:INFO:Fitting Model
2021-02-26 08:19:15,450:INFO:Evaluating Metrics
2021-02-26 08:19:15,772:INFO:Compiling Metrics
2021-02-26 08:19:15,782:INFO:Initializing Fold 3
2021-02-26 08:19:15,791:INFO:Fitting Model
2021-02-26 08:19:15,968:INFO:Evaluating Metrics
2021-02-26 08:19:16,292:INFO:Compiling Metrics
2021-02-26 08:19:16,298:INFO:Initializing Fold 4
2021-02-26 08:19:16,307:INFO:Fitting Model
2021-02-26 08:19:16,459:INFO:Evaluating Metrics
2021-02-26 08:19:16,777:INFO:Compiling Metrics
2021-02-26 08:19:16,784:INFO:Initializing Fold 5
2021-02-26 08:19:16,794:INFO:Fitting Model
2021-02-26 08:19:16,949:INFO:Evaluating Metrics
2021-02-26 08:19:17,265:INFO:Compiling Metrics
2021-02-26 08:19:17,274:INFO:Initializing Fold 6
2021-02-26 08:19:17,283:INFO:Fitting Model
2021-02-26 08:19:17,437:INFO:Evaluating Metrics
2021-02-26 08:19:17,755:INFO:Compiling Metrics
2021-02-26 08:19:17,761:INFO:Initializing Fold 7
2021-02-26 08:19:17,770:INFO:Fitting Model
2021-02-26 08:19:17,927:INFO:Evaluating Metrics
2021-02-26 08:19:18,243:INFO:Compiling Metrics
2021-02-26 08:19:18,250:INFO:Initializing Fold 8
2021-02-26 08:19:18,259:INFO:Fitting Model
2021-02-26 08:19:18,415:INFO:Evaluating Metrics
2021-02-26 08:19:18,735:INFO:Compiling Metrics
2021-02-26 08:19:18,744:INFO:Initializing Fold 9
2021-02-26 08:19:18,753:INFO:Fitting Model
2021-02-26 08:19:18,906:INFO:Evaluating Metrics
2021-02-26 08:19:19,232:INFO:Compiling Metrics
2021-02-26 08:19:19,240:INFO:Initializing Fold 10
2021-02-26 08:19:19,249:INFO:Fitting Model
2021-02-26 08:19:19,404:INFO:Evaluating Metrics
2021-02-26 08:19:19,721:INFO:Compiling Metrics
2021-02-26 08:19:19,729:INFO:Calculating mean and std
2021-02-26 08:19:19,730:INFO:Creating metrics dataframe
2021-02-26 08:19:19,745:INFO:Initializing Quadratic Discriminant Analysis
2021-02-26 08:19:19,751:INFO:Initializing Fold 1
2021-02-26 08:19:19,762:INFO:Fitting Model
2021-02-26 08:19:19,887:INFO:Evaluating Metrics
2021-02-26 08:19:19,986:WARNING:model has no predict_proba attribute. AUC set to 0.00
2021-02-26 08:19:19,989:INFO:Compiling Metrics
2021-02-26 08:19:19,995:INFO:Initializing Fold 2
2021-02-26 08:19:20,004:INFO:Fitting Model
2021-02-26 08:19:20,133:INFO:Evaluating Metrics
2021-02-26 08:19:20,249:WARNING:model has no predict_proba attribute. AUC set to 0.00
2021-02-26 08:19:20,252:INFO:Compiling Metrics
2021-02-26 08:19:20,260:INFO:Initializing Fold 3
2021-02-26 08:19:20,271:INFO:Fitting Model
2021-02-26 08:19:20,420:INFO:Evaluating Metrics
2021-02-26 08:19:20,523:WARNING:model has no predict_proba attribute. AUC set to 0.00
2021-02-26 08:19:20,526:INFO:Compiling Metrics
2021-02-26 08:19:20,531:INFO:Initializing Fold 4
2021-02-26 08:19:20,541:INFO:Fitting Model
2021-02-26 08:19:20,667:INFO:Evaluating Metrics
2021-02-26 08:19:20,766:WARNING:model has no predict_proba attribute. AUC set to 0.00
2021-02-26 08:19:20,769:INFO:Compiling Metrics
2021-02-26 08:19:20,775:INFO:Initializing Fold 5
2021-02-26 08:19:20,784:INFO:Fitting Model
2021-02-26 08:19:20,906:INFO:Evaluating Metrics
2021-02-26 08:19:21,005:WARNING:model has no predict_proba attribute. AUC set to 0.00
2021-02-26 08:19:21,008:INFO:Compiling Metrics
2021-02-26 08:19:21,015:INFO:Initializing Fold 6
2021-02-26 08:19:21,024:INFO:Fitting Model
2021-02-26 08:19:21,146:INFO:Evaluating Metrics
2021-02-26 08:19:21,245:WARNING:model has no predict_proba attribute. AUC set to 0.00
2021-02-26 08:19:21,248:INFO:Compiling Metrics
2021-02-26 08:19:21,253:INFO:Initializing Fold 7
2021-02-26 08:19:21,262:INFO:Fitting Model
2021-02-26 08:19:21,385:INFO:Evaluating Metrics
2021-02-26 08:19:21,485:WARNING:model has no predict_proba attribute. AUC set to 0.00
2021-02-26 08:19:21,488:INFO:Compiling Metrics
2021-02-26 08:19:21,493:INFO:Initializing Fold 8
2021-02-26 08:19:21,502:INFO:Fitting Model
2021-02-26 08:19:21,625:INFO:Evaluating Metrics
2021-02-26 08:19:21,725:WARNING:model has no predict_proba attribute. AUC set to 0.00
2021-02-26 08:19:21,727:INFO:Compiling Metrics
2021-02-26 08:19:21,733:INFO:Initializing Fold 9
2021-02-26 08:19:21,741:INFO:Fitting Model
2021-02-26 08:19:21,865:INFO:Evaluating Metrics
2021-02-26 08:19:21,963:WARNING:model has no predict_proba attribute. AUC set to 0.00
2021-02-26 08:19:21,966:INFO:Compiling Metrics
2021-02-26 08:19:21,972:INFO:Initializing Fold 10
2021-02-26 08:19:21,981:INFO:Fitting Model
2021-02-26 08:19:22,104:INFO:Evaluating Metrics
2021-02-26 08:19:22,207:WARNING:model has no predict_proba attribute. AUC set to 0.00
2021-02-26 08:19:22,210:INFO:Compiling Metrics
2021-02-26 08:19:22,216:INFO:Calculating mean and std
2021-02-26 08:19:22,216:INFO:Creating metrics dataframe
2021-02-26 08:19:22,230:INFO:Initializing Ada Boost Classifier
2021-02-26 08:19:22,235:INFO:Initializing Fold 1
2021-02-26 08:19:22,245:INFO:Fitting Model
2021-02-26 08:19:22,738:INFO:Evaluating Metrics
2021-02-26 08:19:22,859:INFO:Compiling Metrics
2021-02-26 08:19:22,865:INFO:Initializing Fold 2
2021-02-26 08:19:22,874:INFO:Fitting Model
2021-02-26 08:19:23,371:INFO:Evaluating Metrics
2021-02-26 08:19:23,492:INFO:Compiling Metrics
2021-02-26 08:19:23,498:INFO:Initializing Fold 3
2021-02-26 08:19:23,506:INFO:Fitting Model
2021-02-26 08:19:24,003:INFO:Evaluating Metrics
2021-02-26 08:19:24,124:INFO:Compiling Metrics
2021-02-26 08:19:24,130:INFO:Initializing Fold 4
2021-02-26 08:19:24,139:INFO:Fitting Model
2021-02-26 08:19:24,632:INFO:Evaluating Metrics
2021-02-26 08:19:24,753:INFO:Compiling Metrics
2021-02-26 08:19:24,758:INFO:Initializing Fold 5
2021-02-26 08:19:24,767:INFO:Fitting Model
2021-02-26 08:19:25,265:INFO:Evaluating Metrics
2021-02-26 08:19:25,385:INFO:Compiling Metrics
2021-02-26 08:19:25,391:INFO:Initializing Fold 6
2021-02-26 08:19:25,400:INFO:Fitting Model
2021-02-26 08:19:25,893:INFO:Evaluating Metrics
2021-02-26 08:19:26,014:INFO:Compiling Metrics
2021-02-26 08:19:26,020:INFO:Initializing Fold 7
2021-02-26 08:19:26,030:INFO:Fitting Model
2021-02-26 08:19:26,522:INFO:Evaluating Metrics
2021-02-26 08:19:26,642:INFO:Compiling Metrics
2021-02-26 08:19:26,647:INFO:Initializing Fold 8
2021-02-26 08:19:26,656:INFO:Fitting Model
2021-02-26 08:19:27,150:INFO:Evaluating Metrics
2021-02-26 08:19:27,273:INFO:Compiling Metrics
2021-02-26 08:19:27,279:INFO:Initializing Fold 9
2021-02-26 08:19:27,287:INFO:Fitting Model
2021-02-26 08:19:27,783:INFO:Evaluating Metrics
2021-02-26 08:19:27,904:INFO:Compiling Metrics
2021-02-26 08:19:27,910:INFO:Initializing Fold 10
2021-02-26 08:19:27,918:INFO:Fitting Model
2021-02-26 08:19:28,414:INFO:Evaluating Metrics
2021-02-26 08:19:28,534:INFO:Compiling Metrics
2021-02-26 08:19:28,540:INFO:Calculating mean and std
2021-02-26 08:19:28,540:INFO:Creating metrics dataframe
2021-02-26 08:19:28,553:INFO:Initializing Gradient Boosting Classifier
2021-02-26 08:19:28,559:INFO:Initializing Fold 1
2021-02-26 08:19:28,569:INFO:Fitting Model
2021-02-26 08:19:28,940:INFO:Evaluating Metrics
2021-02-26 08:19:29,032:INFO:Compiling Metrics
2021-02-26 08:19:29,038:INFO:Initializing Fold 2
2021-02-26 08:19:29,047:INFO:Fitting Model
2021-02-26 08:19:29,490:INFO:Evaluating Metrics
2021-02-26 08:19:29,583:INFO:Compiling Metrics
2021-02-26 08:19:29,588:INFO:Initializing Fold 3
2021-02-26 08:19:29,598:INFO:Fitting Model
2021-02-26 08:19:29,978:INFO:Evaluating Metrics
2021-02-26 08:19:30,070:INFO:Compiling Metrics
2021-02-26 08:19:30,075:INFO:Initializing Fold 4
2021-02-26 08:19:30,084:INFO:Fitting Model
2021-02-26 08:19:30,446:INFO:Evaluating Metrics
2021-02-26 08:19:30,536:INFO:Compiling Metrics
2021-02-26 08:19:30,541:INFO:Initializing Fold 5
2021-02-26 08:19:30,550:INFO:Fitting Model
2021-02-26 08:19:30,921:INFO:Evaluating Metrics
2021-02-26 08:19:31,030:INFO:Compiling Metrics
2021-02-26 08:19:31,036:INFO:Initializing Fold 6
2021-02-26 08:19:31,046:INFO:Fitting Model
2021-02-26 08:19:31,433:INFO:Evaluating Metrics
2021-02-26 08:19:31,523:INFO:Compiling Metrics
2021-02-26 08:19:31,529:INFO:Initializing Fold 7
2021-02-26 08:19:31,538:INFO:Fitting Model
2021-02-26 08:19:31,919:INFO:Evaluating Metrics
2021-02-26 08:19:32,008:INFO:Compiling Metrics
2021-02-26 08:19:32,014:INFO:Initializing Fold 8
2021-02-26 08:19:32,023:INFO:Fitting Model
2021-02-26 08:19:32,461:INFO:Evaluating Metrics
2021-02-26 08:19:32,559:INFO:Compiling Metrics
2021-02-26 08:19:32,575:INFO:Initializing Fold 9
2021-02-26 08:19:32,588:INFO:Fitting Model
2021-02-26 08:19:32,968:INFO:Evaluating Metrics
2021-02-26 08:19:33,058:INFO:Compiling Metrics
2021-02-26 08:19:33,064:INFO:Initializing Fold 10
2021-02-26 08:19:33,072:INFO:Fitting Model
2021-02-26 08:19:33,443:INFO:Evaluating Metrics
2021-02-26 08:19:33,533:INFO:Compiling Metrics
2021-02-26 08:19:33,540:INFO:Calculating mean and std
2021-02-26 08:19:33,540:INFO:Creating metrics dataframe
2021-02-26 08:19:33,555:INFO:Initializing Linear Discriminant Analysis
2021-02-26 08:19:33,561:INFO:Initializing Fold 1
2021-02-26 08:19:33,570:INFO:Fitting Model
2021-02-26 08:22:18,771:INFO:PyCaret Classification Module
2021-02-26 08:22:18,771:INFO:version 2.0
2021-02-26 08:22:18,771:INFO:Initializing setup()
2021-02-26 08:22:18,771:INFO:USI: 5613
2021-02-26 08:22:18,771:INFO:setup(data=(362, 6296), target=artista, train_size=0.7, sampling=True, sample_estimator=None, categorical_features=None, categorical_imputation=constant, ordinal_features=None,
                    high_cardinality_features=None, high_cardinality_method=frequency, numeric_features=None, numeric_imputation=mean, date_features=None, ignore_features=None, normalize=False,
                    normalize_method=zscore, transformation=False, transformation_method=yeo-johnson, handle_unknown_categorical=True, unknown_categorical_method=least_frequent, pca=False, pca_method=linear,
                    pca_components=None, ignore_low_variance=False, combine_rare_levels=False, rare_level_threshold=0.1, bin_numeric_features=None, remove_outliers=False, outliers_threshold=0.05,
                    remove_multicollinearity=False, multicollinearity_threshold=0.9, remove_perfect_collinearity=False, create_clusters=False, cluster_iter=20,
                    polynomial_features=False, polynomial_degree=2, trigonometry_features=False, polynomial_threshold=0.1, group_features=None,
                    group_names=None, feature_selection=False, feature_selection_threshold=0.8, feature_interaction=False, feature_ratio=False, interaction_threshold=0.01,
                    fix_imbalance=False, fix_imbalance_method=None, data_split_shuffle=True, folds_shuffle=False, n_jobs=-1, html=True, session_id=None, log_experiment=False,
                    experiment_name=None, log_plots=False, log_profile=False, log_data=False, silent=False, verbose=True, profile=False)
2021-02-26 08:22:18,771:INFO:Checking environment
2021-02-26 08:22:18,771:INFO:python_version: 3.7.6
2021-02-26 08:22:18,771:INFO:python_build: ('default', 'Jan  8 2020 19:59:22')
2021-02-26 08:22:18,771:INFO:machine: x86_64
2021-02-26 08:22:18,771:INFO:platform: Linux-5.4.0-050400-generic-x86_64-with-debian-bullseye-sid
2021-02-26 08:22:18,771:INFO:Memory: svmem(total=16773652480, available=10231005184, percent=39.0, used=5853294592, free=5058330624, active=7280951296, inactive=3609501696, buffers=655855616, cached=5206171648, shared=386748416, slab=491544576)
2021-02-26 08:22:18,772:INFO:Physical Core: 4
2021-02-26 08:22:18,772:INFO:Logical Core: 8
2021-02-26 08:22:18,772:INFO:Checking libraries
2021-02-26 08:22:18,772:INFO:pd==1.0.1
2021-02-26 08:22:18,772:INFO:numpy==1.18.1
2021-02-26 08:22:18,772:INFO:sklearn==0.23.2
2021-02-26 08:22:18,772:INFO:xgboost==0.71
2021-02-26 08:22:18,772:INFO:lightgbm==2.3.1
2021-02-26 08:22:18,772:INFO:catboost==0.24
2021-02-26 08:22:18,772:INFO:mlflow==1.10.0
2021-02-26 08:22:18,772:INFO:Checking Exceptions
2021-02-26 08:22:18,773:INFO:Preloading libraries
2021-02-26 08:22:18,773:INFO:Preparing display monitor
2021-02-26 08:22:18,785:INFO:Importing libraries
2021-02-26 08:22:18,787:INFO:Copying data for preprocessing
2021-02-26 08:22:18,790:INFO:Declaring global variables
2021-02-26 08:22:18,796:INFO:Declaring preprocessing parameters
2021-02-26 08:22:18,796:INFO:Importing preprocessing module
2021-02-26 08:22:18,796:INFO:Creating preprocessing pipeline
2021-02-26 08:23:21,379:INFO:Preprocessing pipeline created successfully
2021-02-26 08:23:21,379:INFO:Creating grid variables
2021-02-26 08:23:21,429:INFO:Creating global containers
2021-02-26 08:23:21,486:INFO:create_model_container 0
2021-02-26 08:23:21,486:INFO:master_model_container 0
2021-02-26 08:23:21,486:INFO:display_container 0
2021-02-26 08:23:21,492:INFO:Pipeline(memory=None,
         steps=[('dtypes',
                 DataTypes_Auto_infer(categorical_features=[],
                                      display_types=True, features_todrop=[],
                                      ml_usecase='classification',
                                      numerical_features=[], target='artista',
                                      time_features=[])),
                ('imputer',
                 Simple_Imputer(categorical_strategy='not_available',
                                numeric_strategy='mean',
                                target_variable=None)),
                ('new_levels1',
                 New_Catagorical_Le...
                ('group', Empty()), ('nonliner', Empty()), ('scaling', Empty()),
                ('P_transform', Empty()), ('pt_target', Empty()),
                ('binn', Empty()), ('rem_outliers', Empty()),
                ('cluster_all', Empty()), ('dummy', Dummify(target='artista')),
                ('fix_perfect', Empty()), ('clean_names', Clean_Colum_Names()),
                ('feature_select', Empty()), ('fix_multi', Empty()),
                ('dfs', Empty()), ('pca', Empty())],
         verbose=False)
2021-02-26 08:23:21,492:INFO:setup() succesfully completed......................................
2021-02-26 08:23:21,493:INFO:Initializing create_model()
2021-02-26 08:23:21,493:INFO:create_model(estimator=lr, ensemble=False, method=None, fold=10, round=4, cross_validation=True, verbose=True, system=True)
2021-02-26 08:23:21,493:INFO:Checking exceptions
2021-02-26 08:23:21,493:INFO:Preloading libraries
2021-02-26 08:23:21,493:INFO:Preparing display monitor
2021-02-26 08:23:21,510:INFO:Copying training dataset
2021-02-26 08:23:21,512:INFO:Importing libraries
2021-02-26 08:23:21,513:INFO:Defining folds
2021-02-26 08:23:21,513:INFO:Declaring metric variables
2021-02-26 08:23:21,517:INFO:Importing untrained model
2021-02-26 08:23:21,517:INFO:Logistic Regression Imported succesfully
2021-02-26 08:23:21,517:INFO:Checking ensemble method
2021-02-26 08:23:21,523:INFO:Initializing Fold 1
2021-02-26 08:23:21,532:INFO:Fitting Model
2021-02-26 08:23:21,608:INFO:Evaluating Metrics
2021-02-26 08:23:21,696:INFO:Compiling Metrics
2021-02-26 08:23:21,714:INFO:Initializing Fold 2
2021-02-26 08:23:21,724:INFO:Fitting Model
2021-02-26 08:23:21,791:INFO:Evaluating Metrics
2021-02-26 08:23:21,881:INFO:Compiling Metrics
2021-02-26 08:23:21,896:INFO:Initializing Fold 3
2021-02-26 08:23:21,904:INFO:Fitting Model
2021-02-26 08:23:21,969:INFO:Evaluating Metrics
2021-02-26 08:23:22,058:INFO:Compiling Metrics
2021-02-26 08:23:22,077:INFO:Initializing Fold 4
2021-02-26 08:23:22,087:INFO:Fitting Model
2021-02-26 08:23:22,152:INFO:Evaluating Metrics
2021-02-26 08:23:22,244:INFO:Compiling Metrics
2021-02-26 08:23:22,260:INFO:Initializing Fold 5
2021-02-26 08:23:22,268:INFO:Fitting Model
2021-02-26 08:23:22,333:INFO:Evaluating Metrics
2021-02-26 08:23:22,422:INFO:Compiling Metrics
2021-02-26 08:23:22,447:INFO:Initializing Fold 6
2021-02-26 08:23:22,456:INFO:Fitting Model
2021-02-26 08:23:22,524:INFO:Evaluating Metrics
2021-02-26 08:23:22,614:INFO:Compiling Metrics
2021-02-26 08:23:22,630:INFO:Initializing Fold 7
2021-02-26 08:23:22,639:INFO:Fitting Model
2021-02-26 08:23:22,706:INFO:Evaluating Metrics
2021-02-26 08:23:22,795:INFO:Compiling Metrics
2021-02-26 08:23:22,812:INFO:Initializing Fold 8
2021-02-26 08:23:22,820:INFO:Fitting Model
2021-02-26 08:23:22,888:INFO:Evaluating Metrics
2021-02-26 08:23:22,978:INFO:Compiling Metrics
2021-02-26 08:23:22,995:INFO:Initializing Fold 9
2021-02-26 08:23:23,003:INFO:Fitting Model
2021-02-26 08:23:23,069:INFO:Evaluating Metrics
2021-02-26 08:23:23,159:INFO:Compiling Metrics
2021-02-26 08:23:23,177:INFO:Initializing Fold 10
2021-02-26 08:23:23,189:INFO:Fitting Model
2021-02-26 08:23:23,254:INFO:Evaluating Metrics
2021-02-26 08:23:23,343:INFO:Compiling Metrics
2021-02-26 08:23:23,361:INFO:Calculating mean and std
2021-02-26 08:23:23,363:INFO:Creating metrics dataframe
2021-02-26 08:23:23,375:INFO:Finalizing model
2021-02-26 08:23:23,446:INFO:Uploading results into container
2021-02-26 08:23:23,446:INFO:Uploading model into container now
2021-02-26 08:23:23,489:INFO:create_model_container: 1
2021-02-26 08:23:23,490:INFO:master_model_container: 1
2021-02-26 08:23:23,490:INFO:display_container: 1
2021-02-26 08:23:23,490:INFO:LogisticRegression(C=1.0, class_weight=None, dual=False, fit_intercept=True,
                   intercept_scaling=1, l1_ratio=None, max_iter=100,
                   multi_class='auto', n_jobs=None, penalty='l2',
                   random_state=7589, solver='lbfgs', tol=0.0001, verbose=0,
                   warm_start=False)
2021-02-26 08:23:23,490:INFO:create_model() succesfully completed......................................
2021-02-26 08:24:29,412:INFO:PyCaret Classification Module
2021-02-26 08:24:29,412:INFO:version 2.0
2021-02-26 08:24:29,412:INFO:Initializing setup()
2021-02-26 08:24:29,412:INFO:USI: f323
2021-02-26 08:24:29,413:INFO:setup(data=(362, 12592), target=artista, train_size=0.7, sampling=True, sample_estimator=None, categorical_features=None, categorical_imputation=constant, ordinal_features=None,
                    high_cardinality_features=None, high_cardinality_method=frequency, numeric_features=None, numeric_imputation=mean, date_features=None, ignore_features=None, normalize=False,
                    normalize_method=zscore, transformation=False, transformation_method=yeo-johnson, handle_unknown_categorical=True, unknown_categorical_method=least_frequent, pca=False, pca_method=linear,
                    pca_components=None, ignore_low_variance=False, combine_rare_levels=False, rare_level_threshold=0.1, bin_numeric_features=None, remove_outliers=False, outliers_threshold=0.05,
                    remove_multicollinearity=False, multicollinearity_threshold=0.9, remove_perfect_collinearity=False, create_clusters=False, cluster_iter=20,
                    polynomial_features=False, polynomial_degree=2, trigonometry_features=False, polynomial_threshold=0.1, group_features=None,
                    group_names=None, feature_selection=False, feature_selection_threshold=0.8, feature_interaction=False, feature_ratio=False, interaction_threshold=0.01,
                    fix_imbalance=False, fix_imbalance_method=None, data_split_shuffle=True, folds_shuffle=False, n_jobs=-1, html=True, session_id=None, log_experiment=False,
                    experiment_name=None, log_plots=False, log_profile=False, log_data=False, silent=False, verbose=True, profile=False)
2021-02-26 08:24:29,413:INFO:Checking environment
2021-02-26 08:24:29,413:INFO:python_version: 3.7.6
2021-02-26 08:24:29,413:INFO:python_build: ('default', 'Jan  8 2020 19:59:22')
2021-02-26 08:24:29,413:INFO:machine: x86_64
2021-02-26 08:24:29,413:INFO:platform: Linux-5.4.0-050400-generic-x86_64-with-debian-bullseye-sid
2021-02-26 08:24:29,413:INFO:Memory: svmem(total=16773652480, available=10234048512, percent=39.0, used=5847207936, free=5045587968, active=7279132672, inactive=3619622912, buffers=656711680, cached=5224144896, shared=391061504, slab=492392448)
2021-02-26 08:24:29,413:INFO:Physical Core: 4
2021-02-26 08:24:29,413:INFO:Logical Core: 8
2021-02-26 08:24:29,414:INFO:Checking libraries
2021-02-26 08:24:29,414:INFO:pd==1.0.1
2021-02-26 08:24:29,414:INFO:numpy==1.18.1
2021-02-26 08:24:29,414:INFO:sklearn==0.23.2
2021-02-26 08:24:29,414:INFO:xgboost==0.71
2021-02-26 08:24:29,414:INFO:lightgbm==2.3.1
2021-02-26 08:24:29,414:INFO:catboost==0.24
2021-02-26 08:24:29,414:INFO:mlflow==1.10.0
2021-02-26 08:24:29,414:INFO:Checking Exceptions
2021-02-26 08:24:29,415:INFO:Preloading libraries
2021-02-26 08:24:29,416:INFO:Preparing display monitor
2021-02-26 08:24:29,427:INFO:Importing libraries
2021-02-26 08:24:29,443:INFO:Copying data for preprocessing
2021-02-26 08:24:29,461:INFO:Declaring global variables
2021-02-26 08:24:29,467:INFO:Declaring preprocessing parameters
2021-02-26 08:24:29,467:INFO:Importing preprocessing module
2021-02-26 08:24:29,467:INFO:Creating preprocessing pipeline
2021-02-26 08:26:44,916:INFO:PyCaret Classification Module
2021-02-26 08:26:44,916:INFO:version 2.0
2021-02-26 08:26:44,916:INFO:Initializing setup()
2021-02-26 08:26:44,916:INFO:USI: 23f8
2021-02-26 08:26:44,916:INFO:setup(data=(518, 6296), target=artista, train_size=0.7, sampling=True, sample_estimator=None, categorical_features=None, categorical_imputation=constant, ordinal_features=None,
                    high_cardinality_features=None, high_cardinality_method=frequency, numeric_features=None, numeric_imputation=mean, date_features=None, ignore_features=None, normalize=False,
                    normalize_method=zscore, transformation=False, transformation_method=yeo-johnson, handle_unknown_categorical=True, unknown_categorical_method=least_frequent, pca=False, pca_method=linear,
                    pca_components=None, ignore_low_variance=False, combine_rare_levels=False, rare_level_threshold=0.1, bin_numeric_features=None, remove_outliers=False, outliers_threshold=0.05,
                    remove_multicollinearity=False, multicollinearity_threshold=0.9, remove_perfect_collinearity=False, create_clusters=False, cluster_iter=20,
                    polynomial_features=False, polynomial_degree=2, trigonometry_features=False, polynomial_threshold=0.1, group_features=None,
                    group_names=None, feature_selection=False, feature_selection_threshold=0.8, feature_interaction=False, feature_ratio=False, interaction_threshold=0.01,
                    fix_imbalance=False, fix_imbalance_method=None, data_split_shuffle=True, folds_shuffle=False, n_jobs=-1, html=True, session_id=None, log_experiment=False,
                    experiment_name=None, log_plots=False, log_profile=False, log_data=False, silent=False, verbose=True, profile=False)
2021-02-26 08:26:44,916:INFO:Checking environment
2021-02-26 08:26:44,916:INFO:python_version: 3.7.6
2021-02-26 08:26:44,917:INFO:python_build: ('default', 'Jan  8 2020 19:59:22')
2021-02-26 08:26:44,917:INFO:machine: x86_64
2021-02-26 08:26:44,917:INFO:platform: Linux-5.4.0-050400-generic-x86_64-with-debian-bullseye-sid
2021-02-26 08:26:44,917:INFO:Memory: svmem(total=16773652480, available=10035175424, percent=40.2, used=6064623616, free=4830343168, active=7491493888, inactive=3615547392, buffers=657895424, cached=5220790272, shared=375492608, slab=494510080)
2021-02-26 08:26:44,918:INFO:Physical Core: 4
2021-02-26 08:26:44,918:INFO:Logical Core: 8
2021-02-26 08:26:44,918:INFO:Checking libraries
2021-02-26 08:26:44,918:INFO:pd==1.0.1
2021-02-26 08:26:44,918:INFO:numpy==1.18.1
2021-02-26 08:26:44,918:INFO:sklearn==0.23.2
2021-02-26 08:26:44,918:INFO:xgboost==0.71
2021-02-26 08:26:44,918:INFO:lightgbm==2.3.1
2021-02-26 08:26:44,918:INFO:catboost==0.24
2021-02-26 08:26:44,918:INFO:mlflow==1.10.0
2021-02-26 08:26:44,918:INFO:Checking Exceptions
2021-02-26 08:26:44,919:INFO:Preloading libraries
2021-02-26 08:26:44,919:INFO:Preparing display monitor
2021-02-26 08:26:44,933:INFO:Importing libraries
2021-02-26 08:26:44,935:INFO:Copying data for preprocessing
2021-02-26 08:26:44,956:INFO:Declaring global variables
2021-02-26 08:26:44,960:INFO:Declaring preprocessing parameters
2021-02-26 08:26:44,960:INFO:Importing preprocessing module
2021-02-26 08:26:44,960:INFO:Creating preprocessing pipeline
